#
# There is insufficient memory for the Java Runtime Environment to continue.
# Native memory allocation (mmap) failed to map 348127232 bytes for Failed to commit area from 0x0000000094c00000 to 0x00000000a9800000 of length 348127232.
# Possible reasons:
#   The system is out of physical RAM or swap space
#   The process is running with CompressedOops enabled, and the Java Heap may be blocking the growth of the native heap
# Possible solutions:
#   Reduce memory load on the system
#   Increase physical memory or swap space
#   Check if swap backing store is full
#   Decrease Java heap size (-Xmx/-Xms)
#   Decrease number of Java threads
#   Decrease Java thread stack sizes (-Xss)
#   Set larger code cache with -XX:ReservedCodeCacheSize=
#   JVM is running with Unscaled Compressed Oops mode in which the Java heap is
#     placed in the first 4GB address space. The Java Heap base address is the
#     maximum limit for the native heap growth. Please use -XX:HeapBaseMinAddress
#     to set the Java Heap base and to place the Java Heap above 4GB virtual address.
# This output file may be truncated or incomplete.
#
#  Out of Memory Error (./src/hotspot/os/windows/os_windows.cpp:3301), pid=17412, tid=4440
#
# JRE version: OpenJDK Runtime Environment (11.0.10) (build 11.0.10+0-b96-7249189)
# Java VM: OpenJDK 64-Bit Server VM (11.0.10+0-b96-7249189, mixed mode, tiered, compressed oops, g1 gc, windows-amd64)
# No core dump will be written. Minidumps are not enabled by default on client versions of Windows
#

---------------  S U M M A R Y ------------

Command Line: --add-opens=java.base/java.util=ALL-UNNAMED --add-opens=java.base/java.lang=ALL-UNNAMED --add-opens=java.base/java.lang.invoke=ALL-UNNAMED --add-opens=java.base/java.util=ALL-UNNAMED --add-opens=java.prefs/java.util.prefs=ALL-UNNAMED --add-opens=java.prefs/java.util.prefs=ALL-UNNAMED --add-opens=java.base/java.nio.charset=ALL-UNNAMED --add-opens=java.base/java.net=ALL-UNNAMED --add-opens=java.base/java.util.concurrent.atomic=ALL-UNNAMED -Xmx2048m -Dfile.encoding=UTF-8 -Duser.country=US -Duser.language=en -Duser.variant org.gradle.launcher.daemon.bootstrap.GradleDaemon 7.0.2

Host: 11th Gen Intel(R) Core(TM) i5-1135G7 @ 2.40GHz, 8 cores, 7G,  Windows 10 , 64 bit Build 19041 (10.0.19041.1706)
Time: Wed Jun  1 21:37:07 2022 Malay Peninsula Standard Time elapsed time: 14.662519 seconds (0d 0h 0m 14s)

---------------  T H R E A D  ---------------

Current thread (0x0000017161c7d800):  VMThread "VM Thread" [stack: 0x00000049b0e00000,0x00000049b0f00000] [id=4440]

Stack: [0x00000049b0e00000,0x00000049b0f00000]
[error occurred during error reporting (printing stack bounds), id 0xc0000005, EXCEPTION_ACCESS_VIOLATION (0xc0000005) at pc=0x000001714b3110e7]

Native frames: (J=compiled Java code, j=interpreted, Vv=VM code, C=native code)
V  [jvm.dll+0x5ecfaa]
V  [jvm.dll+0x722bd5]
V  [jvm.dll+0x72412d]
V  [jvm.dll+0x724745]
V  [jvm.dll+0x7246fb]
V  [jvm.dll+0x5ec348]
V  [jvm.dll+0x5ecad8]
C  [ntdll.dll+0xa209f]
C  [ntdll.dll+0x51454]
C  [ntdll.dll+0xa0bce]
C  0x000001714b3110e7

VM_Operation (0x00000049b3ff9e20): G1CollectForAllocation, mode: safepoint, requested by thread 0x000001716785d800


---------------  P R O C E S S  ---------------

Threads class SMR info:
_java_thread_list=0x000001716b96b3b0, length=61, elements={
0x000001714781f800, 0x0000017161c83800, 0x0000017161c8c800, 0x0000017162604800,
0x0000017162606800, 0x0000017162608000, 0x000001716260e800, 0x000001716260f800,
0x0000017161ca3800, 0x0000017162773000, 0x00000171656d5800, 0x00000171656d4000,
0x00000171656d8000, 0x00000171656d9000, 0x00000171656d5000, 0x00000171656d7800,
0x00000171656d3000, 0x00000171656d9800, 0x00000171656d6800, 0x00000171650a8000,
0x00000171650a5000, 0x00000171650a9000, 0x00000171650a3000, 0x00000171650a4000,
0x00000171650aa800, 0x00000171650a9800, 0x00000171650a6800, 0x00000171650ab800,
0x00000171650a5800, 0x00000171650ac000, 0x00000171650ae000, 0x00000171650af800,
0x00000171650ae800, 0x000001716785f800, 0x0000017167860000, 0x0000017167861000,
0x0000017167862000, 0x0000017167862800, 0x0000017167863800, 0x000001716785d800,
0x0000017167864800, 0x000001716785e800, 0x0000017167865000, 0x000001716786a000,
0x0000017167867800, 0x0000017167866800, 0x0000017167868800, 0x000001716786b000,
0x000001716786b800, 0x0000017167866000, 0x0000017169deb000, 0x0000017169df1000,
0x0000017169def000, 0x0000017169df1800, 0x0000017169dec000, 0x0000017169ded000,
0x0000017169ded800, 0x0000017169dee800, 0x000001716b658000, 0x00000171629ef800,
0x000001716b65b800
}

Java Threads: ( => current thread )
  0x000001714781f800 JavaThread "main" [_thread_blocked, id=12248, stack(0x00000049b0800000,0x00000049b0900000)]
  0x0000017161c83800 JavaThread "Reference Handler" daemon [_thread_blocked, id=9232, stack(0x00000049b0f00000,0x00000049b1000000)]
  0x0000017161c8c800 JavaThread "Finalizer" daemon [_thread_blocked, id=9192, stack(0x00000049b1000000,0x00000049b1100000)]
  0x0000017162604800 JavaThread "Signal Dispatcher" daemon [_thread_blocked, id=1688, stack(0x00000049b1100000,0x00000049b1200000)]
  0x0000017162606800 JavaThread "Attach Listener" daemon [_thread_blocked, id=6868, stack(0x00000049b1200000,0x00000049b1300000)]
  0x0000017162608000 JavaThread "Service Thread" daemon [_thread_blocked, id=11656, stack(0x00000049b1300000,0x00000049b1400000)]
  0x000001716260e800 JavaThread "C2 CompilerThread0" daemon [_thread_blocked, id=6408, stack(0x00000049b1400000,0x00000049b1500000)]
  0x000001716260f800 JavaThread "C1 CompilerThread0" daemon [_thread_blocked, id=8788, stack(0x00000049b1500000,0x00000049b1600000)]
  0x0000017161ca3800 JavaThread "Sweeper thread" daemon [_thread_blocked, id=18164, stack(0x00000049b1600000,0x00000049b1700000)]
  0x0000017162773000 JavaThread "Common-Cleaner" daemon [_thread_blocked, id=6732, stack(0x00000049b1700000,0x00000049b1800000)]
  0x00000171656d5800 JavaThread "Daemon health stats" [_thread_blocked, id=9428, stack(0x00000049b1b00000,0x00000049b1c00000)]
  0x00000171656d4000 JavaThread "Incoming local TCP Connector on port 64644" [_thread_in_native, id=17444, stack(0x00000049b1900000,0x00000049b1a00000)]
  0x00000171656d8000 JavaThread "Daemon periodic checks" [_thread_blocked, id=9400, stack(0x00000049b1d00000,0x00000049b1e00000)]
  0x00000171656d9000 JavaThread "Daemon" [_thread_blocked, id=14332, stack(0x00000049b1e00000,0x00000049b1f00000)]
  0x00000171656d5000 JavaThread "Handler for socket connection from /127.0.0.1:64644 to /127.0.0.1:64645" [_thread_in_native, id=16296, stack(0x00000049b1f00000,0x00000049b2000000)]
  0x00000171656d7800 JavaThread "Cancel handler" [_thread_blocked, id=13528, stack(0x00000049b2000000,0x00000049b2100000)]
  0x00000171656d3000 JavaThread "Daemon worker" [_thread_blocked, id=8908, stack(0x00000049b2100000,0x00000049b2200000)]
  0x00000171656d9800 JavaThread "Asynchronous log dispatcher for DefaultDaemonConnection: socket connection from /127.0.0.1:64644 to /127.0.0.1:64645" [_thread_blocked, id=2200, stack(0x00000049b2200000,0x00000049b2300000)]
  0x00000171656d6800 JavaThread "Stdin handler" [_thread_blocked, id=2100, stack(0x00000049b2300000,0x00000049b2400000)]
  0x00000171650a8000 JavaThread "Daemon client event forwarder" [_thread_blocked, id=15216, stack(0x00000049b2400000,0x00000049b2500000)]
  0x00000171650a5000 JavaThread "Cache worker for file hash cache (C:\Users\bella\.gradle\caches\7.0.2\fileHashes)" [_thread_blocked, id=13000, stack(0x00000049b2b00000,0x00000049b2c00000)]
  0x00000171650a9000 JavaThread "File lock request listener" [_thread_in_native, id=11732, stack(0x00000049b2c00000,0x00000049b2d00000)]
  0x00000171650a3000 JavaThread "Cache worker for journal cache (C:\Users\bella\.gradle\caches\journal-1)" [_thread_blocked, id=16556, stack(0x00000049b2e00000,0x00000049b2f00000)]
  0x00000171650a4000 JavaThread "Cache worker for file hash cache (C:\Users\bella\ajr_0372\.gradle\7.0.2\fileHashes)" [_thread_blocked, id=8676, stack(0x00000049b2f00000,0x00000049b3000000)]
  0x00000171650aa800 JavaThread "File watcher server" daemon [_thread_blocked, id=8960, stack(0x00000049b3000000,0x00000049b3100000)]
  0x00000171650a9800 JavaThread "File watcher consumer" daemon [_thread_blocked, id=7912, stack(0x00000049b3100000,0x00000049b3200000)]
  0x00000171650a6800 JavaThread "Cache worker for checksums cache (C:\Users\bella\ajr_0372\.gradle\checksums)" [_thread_blocked, id=14944, stack(0x00000049b3200000,0x00000049b3300000)]
  0x00000171650ab800 JavaThread "Cache worker for cache directory md-supplier (C:\Users\bella\.gradle\caches\7.0.2\md-supplier)" [_thread_blocked, id=15392, stack(0x00000049b3300000,0x00000049b3400000)]
  0x00000171650a5800 JavaThread "Cache worker for cache directory md-rule (C:\Users\bella\.gradle\caches\7.0.2\md-rule)" [_thread_blocked, id=17736, stack(0x00000049b3400000,0x00000049b3500000)]
  0x00000171650ac000 JavaThread "Cache worker for execution history cache (C:\Users\bella\.gradle\caches\7.0.2\executionHistory)" [_thread_blocked, id=7812, stack(0x00000049b3500000,0x00000049b3600000)]
  0x00000171650ae000 JavaThread "jar transforms" [_thread_blocked, id=6236, stack(0x00000049b3600000,0x00000049b3700000)]
  0x00000171650af800 JavaThread "jar transforms Thread 2" [_thread_blocked, id=13792, stack(0x00000049b3700000,0x00000049b3800000)]
  0x00000171650ae800 JavaThread "Cache worker for file content cache (C:\Users\bella\.gradle\caches\7.0.2\fileContent)" [_thread_blocked, id=12924, stack(0x00000049b3800000,0x00000049b3900000)]
  0x000001716785f800 JavaThread "Cache worker for dependencies-accessors (C:\Users\bella\ajr_0372\.gradle\7.0.2\dependencies-accessors)" [_thread_blocked, id=18228, stack(0x00000049b3900000,0x00000049b3a00000)]
  0x0000017167860000 JavaThread "jar transforms Thread 3" [_thread_blocked, id=17904, stack(0x00000049b3a00000,0x00000049b3b00000)]
  0x0000017167861000 JavaThread "Cache worker for Build Output Cleanup Cache (C:\Users\bella\ajr_0372\.gradle\buildOutputCleanup)" [_thread_blocked, id=13672, stack(0x00000049b3b00000,0x00000049b3c00000)]
  0x0000017167862000 JavaThread "Build operations" [_thread_blocked, id=3836, stack(0x00000049b3c00000,0x00000049b3d00000)]
  0x0000017167862800 JavaThread "Build operations Thread 2" [_thread_blocked, id=11720, stack(0x00000049b3d00000,0x00000049b3e00000)]
  0x0000017167863800 JavaThread "Build operations Thread 3" [_thread_blocked, id=17732, stack(0x00000049b3e00000,0x00000049b3f00000)]
  0x000001716785d800 JavaThread "Build operations Thread 4" [_thread_blocked, id=17156, stack(0x00000049b3f00000,0x00000049b4000000)]
  0x0000017167864800 JavaThread "Build operations Thread 5" [_thread_blocked, id=1188, stack(0x00000049b4000000,0x00000049b4100000)]
  0x000001716785e800 JavaThread "Build operations Thread 6" [_thread_blocked, id=14320, stack(0x00000049b4100000,0x00000049b4200000)]
  0x0000017167865000 JavaThread "Build operations Thread 7" [_thread_blocked, id=11332, stack(0x00000049b4200000,0x00000049b4300000)]
  0x000001716786a000 JavaThread "Build operations Thread 8" [_thread_blocked, id=14252, stack(0x00000049b4300000,0x00000049b4400000)]
  0x0000017167867800 JavaThread "jar transforms Thread 4" [_thread_blocked, id=15484, stack(0x00000049b4400000,0x00000049b4500000)]
  0x0000017167866800 JavaThread "jar transforms Thread 5" [_thread_blocked, id=12400, stack(0x00000049b4500000,0x00000049b4600000)]
  0x0000017167868800 JavaThread "jar transforms Thread 6" [_thread_blocked, id=2400, stack(0x00000049b4600000,0x00000049b4700000)]
  0x000001716786b000 JavaThread "jar transforms Thread 7" [_thread_blocked, id=9720, stack(0x00000049b4700000,0x00000049b4800000)]
  0x000001716786b800 JavaThread "jar transforms Thread 8" [_thread_blocked, id=16536, stack(0x00000049b4800000,0x00000049b4900000)]
  0x0000017167866000 JavaThread "Memory manager" [_thread_blocked, id=8832, stack(0x00000049b4900000,0x00000049b4a00000)]
  0x0000017169deb000 JavaThread "build event listener" [_thread_blocked, id=1876, stack(0x00000049b4a00000,0x00000049b4b00000)]
  0x0000017169df1000 JavaThread "Execution worker for ':'" [_thread_blocked, id=8248, stack(0x00000049b4b00000,0x00000049b4c00000)]
  0x0000017169def000 JavaThread "Execution worker for ':' Thread 2" [_thread_blocked, id=536, stack(0x00000049b4c00000,0x00000049b4d00000)]
  0x0000017169df1800 JavaThread "Execution worker for ':' Thread 3" [_thread_blocked, id=9520, stack(0x00000049b4d00000,0x00000049b4e00000)]
  0x0000017169dec000 JavaThread "Execution worker for ':' Thread 4" [_thread_blocked, id=6372, stack(0x00000049b4e00000,0x00000049b4f00000)]
  0x0000017169ded000 JavaThread "Execution worker for ':' Thread 5" [_thread_blocked, id=14288, stack(0x00000049b4f00000,0x00000049b5000000)]
  0x0000017169ded800 JavaThread "Execution worker for ':' Thread 6" [_thread_blocked, id=18192, stack(0x00000049b5000000,0x00000049b5100000)]
  0x0000017169dee800 JavaThread "Execution worker for ':' Thread 7" [_thread_blocked, id=3272, stack(0x00000049b5100000,0x00000049b5200000)]
  0x000001716b658000 JavaThread "Cache worker for execution history cache (C:\Users\bella\ajr_0372\.gradle\7.0.2\executionHistory)" [_thread_blocked, id=17148, stack(0x00000049b5200000,0x00000049b5300000)]
  0x00000171629ef800 JavaThread "C2 CompilerThread1" daemon [_thread_blocked, id=17360, stack(0x00000049b1c00000,0x00000049b1d00000)]
  0x000001716b65b800 JavaThread "WorkerExecutor Queue" [_thread_blocked, id=10288, stack(0x00000049b5300000,0x00000049b5400000)]

Other Threads:
=>0x0000017161c7d800 VMThread "VM Thread" [stack: 0x00000049b0e00000,0x00000049b0f00000] [id=4440]
  0x00000171627a5000 WatcherThread [stack: 0x00000049b1800000,0x00000049b1900000] [id=8488]
  0x0000017147837000 GCTaskThread "GC Thread#0" [stack: 0x00000049b0900000,0x00000049b0a00000] [id=6900]
  0x0000017162bc9800 GCTaskThread "GC Thread#1" [stack: 0x00000049b1a00000,0x00000049b1b00000] [id=3916]
  0x00000171646fe000 GCTaskThread "GC Thread#2" [stack: 0x00000049b2500000,0x00000049b2600000] [id=1124]
  0x00000171646ff000 GCTaskThread "GC Thread#3" [stack: 0x00000049b2600000,0x00000049b2700000] [id=16348]
  0x0000017164d10000 GCTaskThread "GC Thread#4" [stack: 0x00000049b2700000,0x00000049b2800000] [id=2488]
  0x0000017164d10800 GCTaskThread "GC Thread#5" [stack: 0x00000049b2800000,0x00000049b2900000] [id=5404]
  0x00000171649f1800 GCTaskThread "GC Thread#6" [stack: 0x00000049b2900000,0x00000049b2a00000] [id=10924]
  0x00000171649f2000 GCTaskThread "GC Thread#7" [stack: 0x00000049b2a00000,0x00000049b2b00000] [id=4000]
  0x000001714786a000 ConcurrentGCThread "G1 Main Marker" [stack: 0x00000049b0a00000,0x00000049b0b00000] [id=16804]
  0x000001714786b000 ConcurrentGCThread "G1 Conc#0" [stack: 0x00000049b0b00000,0x00000049b0c00000] [id=1376]
  0x00000171631b8800 ConcurrentGCThread "G1 Conc#1" [stack: 0x00000049b2d00000,0x00000049b2e00000] [id=4136]
  0x0000017161ad0800 ConcurrentGCThread "G1 Refine#0" [stack: 0x00000049b0c00000,0x00000049b0d00000] [id=2768]
  0x00000171677ee800 ConcurrentGCThread "G1 Refine#1" [stack: 0x00000049b5400000,0x00000049b5500000] [id=16752]
  0x00000171677f1800 ConcurrentGCThread "G1 Refine#2" [stack: 0x00000049b5500000,0x00000049b5600000] [id=12892]
  0x00000171677ed000 ConcurrentGCThread "G1 Refine#3" [stack: 0x00000049b5600000,0x00000049b5700000] [id=3436]
  0x0000017161ad1800 ConcurrentGCThread "G1 Young RemSet Sampling" [stack: 0x00000049b0d00000,0x00000049b0e00000] [id=11016]

Threads with active compile tasks:
C2 CompilerThread0  15045 14280       4       com.android.tools.r8.internal.W4::a (1165 bytes)
C2 CompilerThread1  15045 14157       4       com.android.tools.r8.internal.Wi::l2 (44 bytes)

VM state:at safepoint (normal execution)

VM Mutex/Monitor currently owned by a thread:  ([mutex/lock_event])
[0x000001714781b7a0] Threads_lock - owner thread: 0x0000017161c7d800
[0x000001714781b830] Heap_lock - owner thread: 0x000001716785d800

Heap address: 0x0000000080000000, size: 2048 MB, Compressed Oops mode: 32-bit
Narrow klass base: 0x0000000000000000, Narrow klass shift: 3
Compressed class space size: 1073741824 Address: 0x0000000100000000

Heap:
 garbage-first heap   total 679936K, used 136160K [0x0000000080000000, 0x0000000100000000)
  region size 1024K, 16 young (16384K), 16 survivors (16384K)
 Metaspace       used 97727K, capacity 100375K, committed 100556K, reserved 1136640K
  class space    used 12740K, capacity 13756K, committed 13772K, reserved 1048576K
Heap Regions: E=young(eden), S=young(survivor), O=old, HS=humongous(starts), HC=humongous(continues), CS=collection set, F=free, A=archive, TAMS=top-at-mark-start (previous, next)
|   0|0x0000000080000000, 0x0000000080100000, 0x0000000080100000|100%| O|  |TAMS 0x0000000080100000, 0x0000000080000000| Untracked 
|   1|0x0000000080100000, 0x0000000080200000, 0x0000000080200000|100%| O|  |TAMS 0x0000000080200000, 0x0000000080100000| Untracked 
|   2|0x0000000080200000, 0x0000000080300000, 0x0000000080300000|100%| O|  |TAMS 0x0000000080300000, 0x0000000080200000| Untracked 
|   3|0x0000000080300000, 0x0000000080400000, 0x0000000080400000|100%|HS|  |TAMS 0x0000000080400000, 0x0000000080300000| Complete 
|   4|0x0000000080400000, 0x0000000080500000, 0x0000000080500000|100%|HC|  |TAMS 0x0000000080500000, 0x0000000080400000| Complete 
|   5|0x0000000080500000, 0x0000000080600000, 0x0000000080600000|100%|HC|  |TAMS 0x0000000080600000, 0x0000000080500000| Complete 
|   6|0x0000000080600000, 0x0000000080700000, 0x0000000080700000|100%| O|  |TAMS 0x0000000080700000, 0x0000000080600000| Untracked 
|   7|0x0000000080700000, 0x0000000080800000, 0x0000000080800000|100%| O|  |TAMS 0x0000000080800000, 0x0000000080700000| Untracked 
|   8|0x0000000080800000, 0x0000000080900000, 0x0000000080900000|100%| O|  |TAMS 0x0000000080900000, 0x0000000080800000| Untracked 
|   9|0x0000000080900000, 0x0000000080a00000, 0x0000000080a00000|100%| O|  |TAMS 0x0000000080a00000, 0x0000000080900000| Untracked 
|  10|0x0000000080a00000, 0x0000000080b00000, 0x0000000080b00000|100%| O|  |TAMS 0x0000000080b00000, 0x0000000080a00000| Untracked 
|  11|0x0000000080b00000, 0x0000000080c00000, 0x0000000080c00000|100%| O|  |TAMS 0x0000000080c00000, 0x0000000080b00000| Untracked 
|  12|0x0000000080c00000, 0x0000000080d00000, 0x0000000080d00000|100%| O|  |TAMS 0x0000000080d00000, 0x0000000080c00000| Untracked 
|  13|0x0000000080d00000, 0x0000000080e00000, 0x0000000080e00000|100%| O|  |TAMS 0x0000000080e00000, 0x0000000080d00000| Untracked 
|  14|0x0000000080e00000, 0x0000000080f00000, 0x0000000080f00000|100%| O|  |TAMS 0x0000000080f00000, 0x0000000080e00000| Untracked 
|  15|0x0000000080f00000, 0x0000000081000000, 0x0000000081000000|100%| O|  |TAMS 0x0000000081000000, 0x0000000080f00000| Untracked 
|  16|0x0000000081000000, 0x0000000081100000, 0x0000000081100000|100%|HS|  |TAMS 0x0000000081100000, 0x0000000081000000| Complete 
|  17|0x0000000081100000, 0x0000000081200000, 0x0000000081200000|100%| O|  |TAMS 0x0000000081200000, 0x0000000081100000| Untracked 
|  18|0x0000000081200000, 0x0000000081300000, 0x0000000081300000|100%| O|  |TAMS 0x0000000081300000, 0x0000000081200000| Untracked 
|  19|0x0000000081300000, 0x0000000081400000, 0x0000000081400000|100%| O|  |TAMS 0x0000000081400000, 0x0000000081300000| Untracked 
|  20|0x0000000081400000, 0x0000000081500000, 0x0000000081500000|100%| O|  |TAMS 0x0000000081500000, 0x0000000081400000| Untracked 
|  21|0x0000000081500000, 0x0000000081600000, 0x0000000081600000|100%| O|  |TAMS 0x0000000081600000, 0x0000000081500000| Untracked 
|  22|0x0000000081600000, 0x0000000081700000, 0x0000000081700000|100%| O|  |TAMS 0x0000000081700000, 0x0000000081600000| Untracked 
|  23|0x0000000081700000, 0x0000000081800000, 0x0000000081800000|100%| O|  |TAMS 0x0000000081800000, 0x0000000081700000| Untracked 
|  24|0x0000000081800000, 0x0000000081900000, 0x0000000081900000|100%|HS|  |TAMS 0x0000000081900000, 0x0000000081800000| Complete 
|  25|0x0000000081900000, 0x0000000081a00000, 0x0000000081a00000|100%|HS|  |TAMS 0x0000000081a00000, 0x0000000081900000| Complete 
|  26|0x0000000081a00000, 0x0000000081b00000, 0x0000000081b00000|100%|HC|  |TAMS 0x0000000081b00000, 0x0000000081a00000| Complete 
|  27|0x0000000081b00000, 0x0000000081c00000, 0x0000000081c00000|100%| O|  |TAMS 0x0000000081c00000, 0x0000000081b00000| Untracked 
|  28|0x0000000081c00000, 0x0000000081d00000, 0x0000000081d00000|100%| O|  |TAMS 0x0000000081d00000, 0x0000000081c00000| Untracked 
|  29|0x0000000081d00000, 0x0000000081e00000, 0x0000000081e00000|100%| O|  |TAMS 0x0000000081e00000, 0x0000000081d00000| Untracked 
|  30|0x0000000081e00000, 0x0000000081f00000, 0x0000000081f00000|100%| O|  |TAMS 0x0000000081f00000, 0x0000000081e00000| Untracked 
|  31|0x0000000081f00000, 0x0000000082000000, 0x0000000082000000|100%| O|  |TAMS 0x0000000082000000, 0x0000000081f00000| Untracked 
|  32|0x0000000082000000, 0x0000000082100000, 0x0000000082100000|100%| O|  |TAMS 0x0000000082100000, 0x0000000082000000| Untracked 
|  33|0x0000000082100000, 0x0000000082200000, 0x0000000082200000|100%| O|  |TAMS 0x0000000082200000, 0x0000000082100000| Untracked 
|  34|0x0000000082200000, 0x0000000082300000, 0x0000000082300000|100%| O|  |TAMS 0x0000000082300000, 0x0000000082200000| Untracked 
|  35|0x0000000082300000, 0x0000000082400000, 0x0000000082400000|100%| O|  |TAMS 0x0000000082400000, 0x0000000082300000| Untracked 
|  36|0x0000000082400000, 0x0000000082500000, 0x0000000082500000|100%| O|  |TAMS 0x0000000082500000, 0x0000000082400000| Untracked 
|  37|0x0000000082500000, 0x0000000082600000, 0x0000000082600000|100%| O|  |TAMS 0x0000000082600000, 0x0000000082500000| Untracked 
|  38|0x0000000082600000, 0x0000000082700000, 0x0000000082700000|100%| O|  |TAMS 0x0000000082700000, 0x0000000082600000| Untracked 
|  39|0x0000000082700000, 0x0000000082800000, 0x0000000082800000|100%| O|  |TAMS 0x0000000082800000, 0x0000000082700000| Untracked 
|  40|0x0000000082800000, 0x0000000082900000, 0x0000000082900000|100%| O|  |TAMS 0x0000000082900000, 0x0000000082800000| Untracked 
|  41|0x0000000082900000, 0x0000000082a00000, 0x0000000082a00000|100%| O|  |TAMS 0x0000000082a00000, 0x0000000082900000| Untracked 
|  42|0x0000000082a00000, 0x0000000082b00000, 0x0000000082b00000|100%| O|  |TAMS 0x0000000082b00000, 0x0000000082a00000| Untracked 
|  43|0x0000000082b00000, 0x0000000082c00000, 0x0000000082c00000|100%| O|  |TAMS 0x0000000082c00000, 0x0000000082b00000| Untracked 
|  44|0x0000000082c00000, 0x0000000082d00000, 0x0000000082d00000|100%| O|  |TAMS 0x0000000082d00000, 0x0000000082c00000| Untracked 
|  45|0x0000000082d00000, 0x0000000082e00000, 0x0000000082e00000|100%| O|  |TAMS 0x0000000082e00000, 0x0000000082d00000| Untracked 
|  46|0x0000000082e00000, 0x0000000082f00000, 0x0000000082f00000|100%| O|  |TAMS 0x0000000082f00000, 0x0000000082e00000| Untracked 
|  47|0x0000000082f00000, 0x0000000083000000, 0x0000000083000000|100%| O|  |TAMS 0x0000000083000000, 0x0000000082f00000| Untracked 
|  48|0x0000000083000000, 0x0000000083100000, 0x0000000083100000|100%| O|  |TAMS 0x0000000083100000, 0x0000000083000000| Untracked 
|  49|0x0000000083100000, 0x0000000083200000, 0x0000000083200000|100%| O|  |TAMS 0x0000000083200000, 0x0000000083100000| Untracked 
|  50|0x0000000083200000, 0x0000000083300000, 0x0000000083300000|100%| O|  |TAMS 0x0000000083300000, 0x0000000083200000| Untracked 
|  51|0x0000000083300000, 0x0000000083400000, 0x0000000083400000|100%| O|  |TAMS 0x0000000083400000, 0x0000000083300000| Untracked 
|  52|0x0000000083400000, 0x0000000083500000, 0x0000000083500000|100%| O|  |TAMS 0x0000000083500000, 0x0000000083400000| Untracked 
|  53|0x0000000083500000, 0x0000000083600000, 0x0000000083600000|100%| O|  |TAMS 0x0000000083600000, 0x0000000083500000| Untracked 
|  54|0x0000000083600000, 0x0000000083700000, 0x0000000083700000|100%| O|  |TAMS 0x0000000083700000, 0x0000000083600000| Untracked 
|  55|0x0000000083700000, 0x0000000083800000, 0x0000000083800000|100%| O|  |TAMS 0x0000000083800000, 0x0000000083700000| Untracked 
|  56|0x0000000083800000, 0x0000000083900000, 0x0000000083900000|100%| O|  |TAMS 0x0000000083900000, 0x0000000083800000| Untracked 
|  57|0x0000000083900000, 0x0000000083a00000, 0x0000000083a00000|100%| O|  |TAMS 0x0000000083a00000, 0x0000000083900000| Untracked 
|  58|0x0000000083a00000, 0x0000000083b00000, 0x0000000083b00000|100%| O|  |TAMS 0x0000000083b00000, 0x0000000083a00000| Untracked 
|  59|0x0000000083b00000, 0x0000000083c00000, 0x0000000083c00000|100%| O|  |TAMS 0x0000000083c00000, 0x0000000083b00000| Untracked 
|  60|0x0000000083c00000, 0x0000000083d00000, 0x0000000083d00000|100%| O|  |TAMS 0x0000000083d00000, 0x0000000083c00000| Untracked 
|  61|0x0000000083d00000, 0x0000000083e00000, 0x0000000083e00000|100%| O|  |TAMS 0x0000000083e00000, 0x0000000083d00000| Untracked 
|  62|0x0000000083e00000, 0x0000000083f00000, 0x0000000083f00000|100%| O|  |TAMS 0x0000000083f00000, 0x0000000083e00000| Untracked 
|  63|0x0000000083f00000, 0x0000000084000000, 0x0000000084000000|100%| O|  |TAMS 0x0000000084000000, 0x0000000083f00000| Untracked 
|  64|0x0000000084000000, 0x0000000084100000, 0x0000000084100000|100%| O|  |TAMS 0x0000000084100000, 0x0000000084000000| Untracked 
|  65|0x0000000084100000, 0x0000000084200000, 0x0000000084200000|100%| O|  |TAMS 0x0000000084200000, 0x0000000084100000| Untracked 
|  66|0x0000000084200000, 0x0000000084300000, 0x0000000084300000|100%| O|  |TAMS 0x0000000084300000, 0x0000000084200000| Untracked 
|  67|0x0000000084300000, 0x0000000084400000, 0x0000000084400000|100%| O|  |TAMS 0x0000000084400000, 0x0000000084300000| Untracked 
|  68|0x0000000084400000, 0x0000000084500000, 0x0000000084500000|100%| O|  |TAMS 0x0000000084400000, 0x0000000084400000| Untracked 
|  69|0x0000000084500000, 0x0000000084600000, 0x0000000084600000|100%| O|  |TAMS 0x0000000084600000, 0x0000000084500000| Untracked 
|  70|0x0000000084600000, 0x0000000084700000, 0x0000000084700000|100%| O|  |TAMS 0x0000000084700000, 0x0000000084600000| Untracked 
|  71|0x0000000084700000, 0x0000000084800000, 0x0000000084800000|100%| O|  |TAMS 0x0000000084800000, 0x0000000084700000| Untracked 
|  72|0x0000000084800000, 0x0000000084900000, 0x0000000084900000|100%| O|  |TAMS 0x0000000084900000, 0x0000000084800000| Untracked 
|  73|0x0000000084900000, 0x0000000084a00000, 0x0000000084a00000|100%| O|  |TAMS 0x0000000084a00000, 0x0000000084900000| Untracked 
|  74|0x0000000084a00000, 0x0000000084b00000, 0x0000000084b00000|100%| O|  |TAMS 0x0000000084b00000, 0x0000000084a00000| Untracked 
|  75|0x0000000084b00000, 0x0000000084c00000, 0x0000000084c00000|100%| O|  |TAMS 0x0000000084c00000, 0x0000000084b00000| Untracked 
|  76|0x0000000084c00000, 0x0000000084d00000, 0x0000000084d00000|100%| O|  |TAMS 0x0000000084d00000, 0x0000000084c00000| Untracked 
|  77|0x0000000084d00000, 0x0000000084e00000, 0x0000000084e00000|100%| O|  |TAMS 0x0000000084e00000, 0x0000000084d00000| Untracked 
|  78|0x0000000084e00000, 0x0000000084f00000, 0x0000000084f00000|100%| O|  |TAMS 0x0000000084f00000, 0x0000000084e00000| Untracked 
|  79|0x0000000084f00000, 0x0000000085000000, 0x0000000085000000|100%| O|  |TAMS 0x0000000085000000, 0x0000000084f00000| Untracked 
|  80|0x0000000085000000, 0x0000000085100000, 0x0000000085100000|100%| O|  |TAMS 0x0000000085100000, 0x0000000085000000| Untracked 
|  81|0x0000000085100000, 0x0000000085200000, 0x0000000085200000|100%| O|  |TAMS 0x0000000085200000, 0x0000000085100000| Untracked 
|  82|0x0000000085200000, 0x0000000085300000, 0x0000000085300000|100%| O|  |TAMS 0x0000000085300000, 0x0000000085200000| Untracked 
|  83|0x0000000085300000, 0x0000000085400000, 0x0000000085400000|100%| O|  |TAMS 0x0000000085400000, 0x0000000085300000| Untracked 
|  84|0x0000000085400000, 0x0000000085500000, 0x0000000085500000|100%| O|  |TAMS 0x0000000085500000, 0x0000000085400000| Untracked 
|  85|0x0000000085500000, 0x0000000085600000, 0x0000000085600000|100%| O|  |TAMS 0x0000000085600000, 0x0000000085500000| Untracked 
|  86|0x0000000085600000, 0x0000000085700000, 0x0000000085700000|100%| O|  |TAMS 0x0000000085700000, 0x0000000085600000| Untracked 
|  87|0x0000000085700000, 0x0000000085800000, 0x0000000085800000|100%| O|  |TAMS 0x0000000085800000, 0x0000000085700000| Untracked 
|  88|0x0000000085800000, 0x0000000085900000, 0x0000000085900000|100%| O|  |TAMS 0x0000000085900000, 0x0000000085800000| Untracked 
|  89|0x0000000085900000, 0x0000000085a00000, 0x0000000085a00000|100%| O|  |TAMS 0x0000000085a00000, 0x0000000085900000| Untracked 
|  90|0x0000000085a00000, 0x0000000085b00000, 0x0000000085b00000|100%| O|  |TAMS 0x0000000085b00000, 0x0000000085a00000| Untracked 
|  91|0x0000000085b00000, 0x0000000085c00000, 0x0000000085c00000|100%| O|  |TAMS 0x0000000085c00000, 0x0000000085b00000| Untracked 
|  92|0x0000000085c00000, 0x0000000085d00000, 0x0000000085d00000|100%| O|  |TAMS 0x0000000085d00000, 0x0000000085c00000| Untracked 
|  93|0x0000000085d00000, 0x0000000085e00000, 0x0000000085e00000|100%| O|  |TAMS 0x0000000085e00000, 0x0000000085d00000| Untracked 
|  94|0x0000000085e00000, 0x0000000085f00000, 0x0000000085f00000|100%| O|  |TAMS 0x0000000085f00000, 0x0000000085e00000| Untracked 
|  95|0x0000000085f00000, 0x0000000086000000, 0x0000000086000000|100%| O|  |TAMS 0x0000000086000000, 0x0000000085f00000| Untracked 
|  96|0x0000000086000000, 0x0000000086100000, 0x0000000086100000|100%| O|  |TAMS 0x0000000086100000, 0x0000000086000000| Untracked 
|  97|0x0000000086100000, 0x0000000086200000, 0x0000000086200000|100%| O|  |TAMS 0x0000000086200000, 0x0000000086100000| Untracked 
|  98|0x0000000086200000, 0x0000000086300000, 0x0000000086300000|100%| O|  |TAMS 0x0000000086300000, 0x0000000086200000| Untracked 
|  99|0x0000000086300000, 0x0000000086400000, 0x0000000086400000|100%| O|  |TAMS 0x0000000086400000, 0x0000000086300000| Untracked 
| 100|0x0000000086400000, 0x0000000086500000, 0x0000000086500000|100%| O|  |TAMS 0x0000000086500000, 0x0000000086400000| Untracked 
| 101|0x0000000086500000, 0x0000000086600000, 0x0000000086600000|100%| O|  |TAMS 0x0000000086600000, 0x0000000086500000| Untracked 
| 102|0x0000000086600000, 0x0000000086700000, 0x0000000086700000|100%| O|  |TAMS 0x0000000086700000, 0x0000000086600000| Untracked 
| 103|0x0000000086700000, 0x0000000086800000, 0x0000000086800000|100%| O|  |TAMS 0x0000000086800000, 0x0000000086700000| Untracked 
| 104|0x0000000086800000, 0x0000000086900000, 0x0000000086900000|100%| O|  |TAMS 0x0000000086900000, 0x0000000086800000| Untracked 
| 105|0x0000000086900000, 0x0000000086a00000, 0x0000000086a00000|100%| O|  |TAMS 0x0000000086a00000, 0x0000000086900000| Untracked 
| 106|0x0000000086a00000, 0x0000000086b00000, 0x0000000086b00000|100%| O|  |TAMS 0x0000000086b00000, 0x0000000086a00000| Untracked 
| 107|0x0000000086b00000, 0x0000000086c00000, 0x0000000086c00000|100%| O|  |TAMS 0x0000000086c00000, 0x0000000086b00000| Untracked 
| 108|0x0000000086c00000, 0x0000000086d00000, 0x0000000086d00000|100%| O|  |TAMS 0x0000000086d00000, 0x0000000086c00000| Untracked 
| 109|0x0000000086d00000, 0x0000000086e00000, 0x0000000086e00000|100%| O|  |TAMS 0x0000000086e00000, 0x0000000086d00000| Untracked 
| 110|0x0000000086e00000, 0x0000000086e2a800, 0x0000000086f00000| 16%| O|  |TAMS 0x0000000086e00000, 0x0000000086e00000| Untracked 
| 111|0x0000000086f00000, 0x0000000087000000, 0x0000000087000000|100%| O|  |TAMS 0x0000000087000000, 0x0000000086f00000| Untracked 
| 112|0x0000000087000000, 0x0000000087100000, 0x0000000087100000|100%| O|  |TAMS 0x0000000087100000, 0x0000000087000000| Untracked 
| 113|0x0000000087100000, 0x0000000087200000, 0x0000000087200000|100%| O|  |TAMS 0x0000000087200000, 0x0000000087100000| Untracked 
| 114|0x0000000087200000, 0x0000000087300000, 0x0000000087300000|100%| O|  |TAMS 0x0000000087300000, 0x0000000087200000| Untracked 
| 115|0x0000000087300000, 0x0000000087400000, 0x0000000087400000|100%| O|  |TAMS 0x00000000873c7e00, 0x0000000087300000| Untracked 
| 116|0x0000000087400000, 0x0000000087500000, 0x0000000087500000|100%| O|  |TAMS 0x0000000087400000, 0x0000000087400000| Untracked 
| 117|0x0000000087500000, 0x0000000087600000, 0x0000000087600000|100%| O|  |TAMS 0x0000000087500000, 0x0000000087500000| Untracked 
| 118|0x0000000087600000, 0x0000000087600000, 0x0000000087700000|  0%| F|  |TAMS 0x0000000087600000, 0x0000000087600000| Untracked 
| 119|0x0000000087700000, 0x0000000087700000, 0x0000000087800000|  0%| F|  |TAMS 0x0000000087700000, 0x0000000087700000| Untracked 
| 120|0x0000000087800000, 0x0000000087800000, 0x0000000087900000|  0%| F|  |TAMS 0x0000000087800000, 0x0000000087800000| Untracked 
| 121|0x0000000087900000, 0x0000000087900000, 0x0000000087a00000|  0%| F|  |TAMS 0x0000000087900000, 0x0000000087900000| Untracked 
| 122|0x0000000087a00000, 0x0000000087a00000, 0x0000000087b00000|  0%| F|  |TAMS 0x0000000087a00000, 0x0000000087a00000| Untracked 
| 123|0x0000000087b00000, 0x0000000087b00000, 0x0000000087c00000|  0%| F|  |TAMS 0x0000000087b00000, 0x0000000087b00000| Untracked 
| 124|0x0000000087c00000, 0x0000000087c00000, 0x0000000087d00000|  0%| F|  |TAMS 0x0000000087c00000, 0x0000000087c00000| Untracked 
| 125|0x0000000087d00000, 0x0000000087d00000, 0x0000000087e00000|  0%| F|  |TAMS 0x0000000087d00000, 0x0000000087d00000| Untracked 
| 126|0x0000000087e00000, 0x0000000087e00000, 0x0000000087f00000|  0%| F|  |TAMS 0x0000000087e00000, 0x0000000087e00000| Untracked 
| 127|0x0000000087f00000, 0x0000000087f00000, 0x0000000088000000|  0%| F|  |TAMS 0x0000000087f00000, 0x0000000087f00000| Untracked 
| 128|0x0000000088000000, 0x0000000088000000, 0x0000000088100000|  0%| F|  |TAMS 0x0000000088000000, 0x0000000088000000| Untracked 
| 129|0x0000000088100000, 0x0000000088100000, 0x0000000088200000|  0%| F|  |TAMS 0x0000000088100000, 0x0000000088100000| Untracked 
| 130|0x0000000088200000, 0x0000000088200000, 0x0000000088300000|  0%| F|  |TAMS 0x0000000088200000, 0x0000000088200000| Untracked 
| 131|0x0000000088300000, 0x0000000088300000, 0x0000000088400000|  0%| F|  |TAMS 0x0000000088300000, 0x0000000088300000| Untracked 
| 132|0x0000000088400000, 0x0000000088400000, 0x0000000088500000|  0%| F|  |TAMS 0x0000000088400000, 0x0000000088400000| Untracked 
| 133|0x0000000088500000, 0x0000000088500000, 0x0000000088600000|  0%| F|  |TAMS 0x0000000088500000, 0x0000000088500000| Untracked 
| 134|0x0000000088600000, 0x0000000088600000, 0x0000000088700000|  0%| F|  |TAMS 0x0000000088600000, 0x0000000088600000| Untracked 
| 135|0x0000000088700000, 0x0000000088700000, 0x0000000088800000|  0%| F|  |TAMS 0x0000000088700000, 0x0000000088700000| Untracked 
| 136|0x0000000088800000, 0x0000000088800000, 0x0000000088900000|  0%| F|  |TAMS 0x0000000088800000, 0x0000000088800000| Untracked 
| 137|0x0000000088900000, 0x0000000088900000, 0x0000000088a00000|  0%| F|  |TAMS 0x0000000088900000, 0x0000000088900000| Untracked 
| 138|0x0000000088a00000, 0x0000000088a00000, 0x0000000088b00000|  0%| F|  |TAMS 0x0000000088a00000, 0x0000000088a00000| Untracked 
| 139|0x0000000088b00000, 0x0000000088b00000, 0x0000000088c00000|  0%| F|  |TAMS 0x0000000088b00000, 0x0000000088b00000| Untracked 
| 140|0x0000000088c00000, 0x0000000088c00000, 0x0000000088d00000|  0%| F|  |TAMS 0x0000000088c00000, 0x0000000088c00000| Untracked 
| 141|0x0000000088d00000, 0x0000000088d00000, 0x0000000088e00000|  0%| F|  |TAMS 0x0000000088d00000, 0x0000000088d00000| Untracked 
| 142|0x0000000088e00000, 0x0000000088e00000, 0x0000000088f00000|  0%| F|  |TAMS 0x0000000088e00000, 0x0000000088e00000| Untracked 
| 143|0x0000000088f00000, 0x0000000088f00000, 0x0000000089000000|  0%| F|  |TAMS 0x0000000088f00000, 0x0000000088f00000| Untracked 
| 144|0x0000000089000000, 0x0000000089000000, 0x0000000089100000|  0%| F|  |TAMS 0x0000000089000000, 0x0000000089000000| Untracked 
| 145|0x0000000089100000, 0x0000000089100000, 0x0000000089200000|  0%| F|  |TAMS 0x0000000089100000, 0x0000000089100000| Untracked 
| 146|0x0000000089200000, 0x0000000089200000, 0x0000000089300000|  0%| F|  |TAMS 0x0000000089200000, 0x0000000089200000| Untracked 
| 147|0x0000000089300000, 0x0000000089300000, 0x0000000089400000|  0%| F|  |TAMS 0x0000000089300000, 0x0000000089300000| Untracked 
| 148|0x0000000089400000, 0x0000000089400000, 0x0000000089500000|  0%| F|  |TAMS 0x0000000089400000, 0x0000000089400000| Untracked 
| 149|0x0000000089500000, 0x0000000089500000, 0x0000000089600000|  0%| F|  |TAMS 0x0000000089500000, 0x0000000089500000| Untracked 
| 150|0x0000000089600000, 0x00000000896cd800, 0x0000000089700000| 80%| S|CS|TAMS 0x0000000089600000, 0x0000000089600000| Complete 
| 151|0x0000000089700000, 0x0000000089800000, 0x0000000089800000|100%| S|CS|TAMS 0x0000000089700000, 0x0000000089700000| Complete 
| 152|0x0000000089800000, 0x0000000089900000, 0x0000000089900000|100%| S|CS|TAMS 0x0000000089800000, 0x0000000089800000| Complete 
| 153|0x0000000089900000, 0x0000000089a00000, 0x0000000089a00000|100%| S|CS|TAMS 0x0000000089900000, 0x0000000089900000| Complete 
| 154|0x0000000089a00000, 0x0000000089b00000, 0x0000000089b00000|100%| S|CS|TAMS 0x0000000089a00000, 0x0000000089a00000| Complete 
| 155|0x0000000089b00000, 0x0000000089c00000, 0x0000000089c00000|100%| S|CS|TAMS 0x0000000089b00000, 0x0000000089b00000| Complete 
| 156|0x0000000089c00000, 0x0000000089d00000, 0x0000000089d00000|100%| S|CS|TAMS 0x0000000089c00000, 0x0000000089c00000| Complete 
| 157|0x0000000089d00000, 0x0000000089e00000, 0x0000000089e00000|100%| S|CS|TAMS 0x0000000089d00000, 0x0000000089d00000| Complete 
| 158|0x0000000089e00000, 0x0000000089f00000, 0x0000000089f00000|100%| S|CS|TAMS 0x0000000089e00000, 0x0000000089e00000| Complete 
| 159|0x0000000089f00000, 0x000000008a000000, 0x000000008a000000|100%| S|CS|TAMS 0x0000000089f00000, 0x0000000089f00000| Complete 
| 160|0x000000008a000000, 0x000000008a100000, 0x000000008a100000|100%| S|CS|TAMS 0x000000008a000000, 0x000000008a000000| Complete 
| 161|0x000000008a100000, 0x000000008a200000, 0x000000008a200000|100%| S|CS|TAMS 0x000000008a100000, 0x000000008a100000| Complete 
| 162|0x000000008a200000, 0x000000008a200000, 0x000000008a300000|  0%| F|  |TAMS 0x000000008a200000, 0x000000008a200000| Untracked 
| 163|0x000000008a300000, 0x000000008a300000, 0x000000008a400000|  0%| F|  |TAMS 0x000000008a300000, 0x000000008a300000| Untracked 
| 164|0x000000008a400000, 0x000000008a400000, 0x000000008a500000|  0%| F|  |TAMS 0x000000008a400000, 0x000000008a400000| Untracked 
| 165|0x000000008a500000, 0x000000008a500000, 0x000000008a600000|  0%| F|  |TAMS 0x000000008a500000, 0x000000008a500000| Untracked 
| 166|0x000000008a600000, 0x000000008a600000, 0x000000008a700000|  0%| F|  |TAMS 0x000000008a600000, 0x000000008a600000| Untracked 
| 167|0x000000008a700000, 0x000000008a700000, 0x000000008a800000|  0%| F|  |TAMS 0x000000008a700000, 0x000000008a700000| Untracked 
| 168|0x000000008a800000, 0x000000008a800000, 0x000000008a900000|  0%| F|  |TAMS 0x000000008a800000, 0x000000008a800000| Untracked 
| 169|0x000000008a900000, 0x000000008a900000, 0x000000008aa00000|  0%| F|  |TAMS 0x000000008a900000, 0x000000008a900000| Untracked 
| 170|0x000000008aa00000, 0x000000008aa00000, 0x000000008ab00000|  0%| F|  |TAMS 0x000000008aa00000, 0x000000008aa00000| Untracked 
| 171|0x000000008ab00000, 0x000000008ab00000, 0x000000008ac00000|  0%| F|  |TAMS 0x000000008ab00000, 0x000000008ab00000| Untracked 
| 172|0x000000008ac00000, 0x000000008ac00000, 0x000000008ad00000|  0%| F|  |TAMS 0x000000008ac00000, 0x000000008ac00000| Untracked 
| 173|0x000000008ad00000, 0x000000008ad00000, 0x000000008ae00000|  0%| F|  |TAMS 0x000000008ad00000, 0x000000008ad00000| Untracked 
| 174|0x000000008ae00000, 0x000000008ae00000, 0x000000008af00000|  0%| F|  |TAMS 0x000000008ae00000, 0x000000008ae00000| Untracked 
| 175|0x000000008af00000, 0x000000008b000000, 0x000000008b000000|100%| S|CS|TAMS 0x000000008af00000, 0x000000008af00000| Complete 
| 176|0x000000008b000000, 0x000000008b100000, 0x000000008b100000|100%| S|CS|TAMS 0x000000008b000000, 0x000000008b000000| Complete 
| 177|0x000000008b100000, 0x000000008b200000, 0x000000008b200000|100%| S|CS|TAMS 0x000000008b100000, 0x000000008b100000| Complete 
| 178|0x000000008b200000, 0x000000008b300000, 0x000000008b300000|100%| S|CS|TAMS 0x000000008b200000, 0x000000008b200000| Complete 
| 179|0x000000008b300000, 0x000000008b300000, 0x000000008b400000|  0%| F|  |TAMS 0x000000008b300000, 0x000000008b300000| Untracked 
| 180|0x000000008b400000, 0x000000008b400000, 0x000000008b500000|  0%| F|  |TAMS 0x000000008b400000, 0x000000008b400000| Untracked 
| 181|0x000000008b500000, 0x000000008b500000, 0x000000008b600000|  0%| F|  |TAMS 0x000000008b500000, 0x000000008b500000| Untracked 
| 182|0x000000008b600000, 0x000000008b600000, 0x000000008b700000|  0%| F|  |TAMS 0x000000008b600000, 0x000000008b600000| Untracked 
| 183|0x000000008b700000, 0x000000008b700000, 0x000000008b800000|  0%| F|  |TAMS 0x000000008b700000, 0x000000008b700000| Untracked 
| 184|0x000000008b800000, 0x000000008b800000, 0x000000008b900000|  0%| F|  |TAMS 0x000000008b800000, 0x000000008b800000| Untracked 
| 185|0x000000008b900000, 0x000000008b900000, 0x000000008ba00000|  0%| F|  |TAMS 0x000000008b900000, 0x000000008b900000| Untracked 
| 186|0x000000008ba00000, 0x000000008ba00000, 0x000000008bb00000|  0%| F|  |TAMS 0x000000008ba00000, 0x000000008ba00000| Untracked 
| 187|0x000000008bb00000, 0x000000008bb00000, 0x000000008bc00000|  0%| F|  |TAMS 0x000000008bb00000, 0x000000008bb00000| Untracked 
| 188|0x000000008bc00000, 0x000000008bc00000, 0x000000008bd00000|  0%| F|  |TAMS 0x000000008bc00000, 0x000000008bc00000| Untracked 
| 189|0x000000008bd00000, 0x000000008bd00000, 0x000000008be00000|  0%| F|  |TAMS 0x000000008bd00000, 0x000000008bd00000| Untracked 
| 190|0x000000008be00000, 0x000000008be00000, 0x000000008bf00000|  0%| F|  |TAMS 0x000000008be00000, 0x000000008be00000| Untracked 
| 191|0x000000008bf00000, 0x000000008bf00000, 0x000000008c000000|  0%| F|  |TAMS 0x000000008bf00000, 0x000000008bf00000| Untracked 
| 192|0x000000008c000000, 0x000000008c000000, 0x000000008c100000|  0%| F|  |TAMS 0x000000008c000000, 0x000000008c000000| Untracked 
| 193|0x000000008c100000, 0x000000008c100000, 0x000000008c200000|  0%| F|  |TAMS 0x000000008c100000, 0x000000008c100000| Untracked 
| 194|0x000000008c200000, 0x000000008c200000, 0x000000008c300000|  0%| F|  |TAMS 0x000000008c200000, 0x000000008c200000| Untracked 
| 195|0x000000008c300000, 0x000000008c300000, 0x000000008c400000|  0%| F|  |TAMS 0x000000008c300000, 0x000000008c300000| Untracked 
| 196|0x000000008c400000, 0x000000008c400000, 0x000000008c500000|  0%| F|  |TAMS 0x000000008c400000, 0x000000008c400000| Untracked 
| 197|0x000000008c500000, 0x000000008c500000, 0x000000008c600000|  0%| F|  |TAMS 0x000000008c500000, 0x000000008c500000| Untracked 
| 198|0x000000008c600000, 0x000000008c600000, 0x000000008c700000|  0%| F|  |TAMS 0x000000008c600000, 0x000000008c600000| Untracked 
| 199|0x000000008c700000, 0x000000008c700000, 0x000000008c800000|  0%| F|  |TAMS 0x000000008c700000, 0x000000008c700000| Untracked 
| 200|0x000000008c800000, 0x000000008c800000, 0x000000008c900000|  0%| F|  |TAMS 0x000000008c800000, 0x000000008c800000| Untracked 
| 201|0x000000008c900000, 0x000000008c900000, 0x000000008ca00000|  0%| F|  |TAMS 0x000000008c900000, 0x000000008c900000| Untracked 
| 202|0x000000008ca00000, 0x000000008ca00000, 0x000000008cb00000|  0%| F|  |TAMS 0x000000008ca00000, 0x000000008ca00000| Untracked 
| 203|0x000000008cb00000, 0x000000008cb00000, 0x000000008cc00000|  0%| F|  |TAMS 0x000000008cb00000, 0x000000008cb00000| Untracked 
| 204|0x000000008cc00000, 0x000000008cc00000, 0x000000008cd00000|  0%| F|  |TAMS 0x000000008cc00000, 0x000000008cc00000| Untracked 
| 205|0x000000008cd00000, 0x000000008cd00000, 0x000000008ce00000|  0%| F|  |TAMS 0x000000008cd00000, 0x000000008cd00000| Untracked 
| 206|0x000000008ce00000, 0x000000008ce00000, 0x000000008cf00000|  0%| F|  |TAMS 0x000000008ce00000, 0x000000008ce00000| Untracked 
| 207|0x000000008cf00000, 0x000000008cf00000, 0x000000008d000000|  0%| F|  |TAMS 0x000000008cf00000, 0x000000008cf00000| Untracked 
| 208|0x000000008d000000, 0x000000008d000000, 0x000000008d100000|  0%| F|  |TAMS 0x000000008d000000, 0x000000008d000000| Untracked 
| 209|0x000000008d100000, 0x000000008d100000, 0x000000008d200000|  0%| F|  |TAMS 0x000000008d100000, 0x000000008d100000| Untracked 
| 210|0x000000008d200000, 0x000000008d200000, 0x000000008d300000|  0%| F|  |TAMS 0x000000008d200000, 0x000000008d200000| Untracked 
| 211|0x000000008d300000, 0x000000008d300000, 0x000000008d400000|  0%| F|  |TAMS 0x000000008d300000, 0x000000008d300000| Untracked 
| 212|0x000000008d400000, 0x000000008d400000, 0x000000008d500000|  0%| F|  |TAMS 0x000000008d400000, 0x000000008d400000| Untracked 
| 213|0x000000008d500000, 0x000000008d500000, 0x000000008d600000|  0%| F|  |TAMS 0x000000008d500000, 0x000000008d500000| Untracked 
| 214|0x000000008d600000, 0x000000008d600000, 0x000000008d700000|  0%| F|  |TAMS 0x000000008d600000, 0x000000008d600000| Untracked 
| 215|0x000000008d700000, 0x000000008d700000, 0x000000008d800000|  0%| F|  |TAMS 0x000000008d700000, 0x000000008d700000| Untracked 
| 216|0x000000008d800000, 0x000000008d800000, 0x000000008d900000|  0%| F|  |TAMS 0x000000008d800000, 0x000000008d800000| Untracked 
| 217|0x000000008d900000, 0x000000008d900000, 0x000000008da00000|  0%| F|  |TAMS 0x000000008d900000, 0x000000008d900000| Untracked 
| 218|0x000000008da00000, 0x000000008da00000, 0x000000008db00000|  0%| F|  |TAMS 0x000000008da00000, 0x000000008da00000| Untracked 
| 219|0x000000008db00000, 0x000000008db00000, 0x000000008dc00000|  0%| F|  |TAMS 0x000000008db00000, 0x000000008db00000| Untracked 
| 220|0x000000008dc00000, 0x000000008dc00000, 0x000000008dd00000|  0%| F|  |TAMS 0x000000008dc00000, 0x000000008dc00000| Untracked 
| 221|0x000000008dd00000, 0x000000008dd00000, 0x000000008de00000|  0%| F|  |TAMS 0x000000008dd00000, 0x000000008dd00000| Untracked 
| 222|0x000000008de00000, 0x000000008de00000, 0x000000008df00000|  0%| F|  |TAMS 0x000000008de00000, 0x000000008de00000| Untracked 
| 223|0x000000008df00000, 0x000000008df00000, 0x000000008e000000|  0%| F|  |TAMS 0x000000008df00000, 0x000000008df00000| Untracked 
| 224|0x000000008e000000, 0x000000008e000000, 0x000000008e100000|  0%| F|  |TAMS 0x000000008e000000, 0x000000008e000000| Untracked 
| 225|0x000000008e100000, 0x000000008e100000, 0x000000008e200000|  0%| F|  |TAMS 0x000000008e100000, 0x000000008e100000| Untracked 
| 226|0x000000008e200000, 0x000000008e200000, 0x000000008e300000|  0%| F|  |TAMS 0x000000008e200000, 0x000000008e200000| Untracked 
| 227|0x000000008e300000, 0x000000008e300000, 0x000000008e400000|  0%| F|  |TAMS 0x000000008e300000, 0x000000008e300000| Untracked 
| 228|0x000000008e400000, 0x000000008e400000, 0x000000008e500000|  0%| F|  |TAMS 0x000000008e400000, 0x000000008e400000| Untracked 
| 229|0x000000008e500000, 0x000000008e500000, 0x000000008e600000|  0%| F|  |TAMS 0x000000008e500000, 0x000000008e500000| Untracked 
| 230|0x000000008e600000, 0x000000008e600000, 0x000000008e700000|  0%| F|  |TAMS 0x000000008e600000, 0x000000008e600000| Untracked 
| 231|0x000000008e700000, 0x000000008e700000, 0x000000008e800000|  0%| F|  |TAMS 0x000000008e700000, 0x000000008e700000| Untracked 
| 232|0x000000008e800000, 0x000000008e800000, 0x000000008e900000|  0%| F|  |TAMS 0x000000008e800000, 0x000000008e800000| Untracked 
| 233|0x000000008e900000, 0x000000008e900000, 0x000000008ea00000|  0%| F|  |TAMS 0x000000008e900000, 0x000000008e900000| Untracked 
| 234|0x000000008ea00000, 0x000000008ea00000, 0x000000008eb00000|  0%| F|  |TAMS 0x000000008ea00000, 0x000000008ea00000| Untracked 
| 235|0x000000008eb00000, 0x000000008eb00000, 0x000000008ec00000|  0%| F|  |TAMS 0x000000008eb00000, 0x000000008eb00000| Untracked 
| 236|0x000000008ec00000, 0x000000008ec00000, 0x000000008ed00000|  0%| F|  |TAMS 0x000000008ec00000, 0x000000008ec00000| Untracked 
| 237|0x000000008ed00000, 0x000000008ed00000, 0x000000008ee00000|  0%| F|  |TAMS 0x000000008ed00000, 0x000000008ed00000| Untracked 
| 238|0x000000008ee00000, 0x000000008ee00000, 0x000000008ef00000|  0%| F|  |TAMS 0x000000008ee00000, 0x000000008ee00000| Untracked 
| 239|0x000000008ef00000, 0x000000008ef00000, 0x000000008f000000|  0%| F|  |TAMS 0x000000008ef00000, 0x000000008ef00000| Untracked 
| 240|0x000000008f000000, 0x000000008f000000, 0x000000008f100000|  0%| F|  |TAMS 0x000000008f000000, 0x000000008f000000| Untracked 
| 241|0x000000008f100000, 0x000000008f100000, 0x000000008f200000|  0%| F|  |TAMS 0x000000008f100000, 0x000000008f100000| Untracked 
| 242|0x000000008f200000, 0x000000008f200000, 0x000000008f300000|  0%| F|  |TAMS 0x000000008f200000, 0x000000008f200000| Untracked 
| 243|0x000000008f300000, 0x000000008f300000, 0x000000008f400000|  0%| F|  |TAMS 0x000000008f300000, 0x000000008f300000| Untracked 
| 244|0x000000008f400000, 0x000000008f400000, 0x000000008f500000|  0%| F|  |TAMS 0x000000008f400000, 0x000000008f400000| Untracked 
| 245|0x000000008f500000, 0x000000008f500000, 0x000000008f600000|  0%| F|  |TAMS 0x000000008f500000, 0x000000008f500000| Untracked 
| 246|0x000000008f600000, 0x000000008f600000, 0x000000008f700000|  0%| F|  |TAMS 0x000000008f600000, 0x000000008f600000| Untracked 
| 247|0x000000008f700000, 0x000000008f700000, 0x000000008f800000|  0%| F|  |TAMS 0x000000008f700000, 0x000000008f700000| Untracked 
| 248|0x000000008f800000, 0x000000008f800000, 0x000000008f900000|  0%| F|  |TAMS 0x000000008f800000, 0x000000008f800000| Untracked 
| 249|0x000000008f900000, 0x000000008f900000, 0x000000008fa00000|  0%| F|  |TAMS 0x000000008f900000, 0x000000008f900000| Untracked 
| 250|0x000000008fa00000, 0x000000008fa00000, 0x000000008fb00000|  0%| F|  |TAMS 0x000000008fa00000, 0x000000008fa00000| Untracked 
| 251|0x000000008fb00000, 0x000000008fb00000, 0x000000008fc00000|  0%| F|  |TAMS 0x000000008fb00000, 0x000000008fb00000| Untracked 
| 252|0x000000008fc00000, 0x000000008fc00000, 0x000000008fd00000|  0%| F|  |TAMS 0x000000008fc00000, 0x000000008fc00000| Untracked 
| 253|0x000000008fd00000, 0x000000008fd00000, 0x000000008fe00000|  0%| F|  |TAMS 0x000000008fd00000, 0x000000008fd00000| Untracked 
| 254|0x000000008fe00000, 0x000000008fe00000, 0x000000008ff00000|  0%| F|  |TAMS 0x000000008fe00000, 0x000000008fe00000| Untracked 
| 255|0x000000008ff00000, 0x000000008ff00000, 0x0000000090000000|  0%| F|  |TAMS 0x000000008ff00000, 0x000000008ff00000| Untracked 
| 256|0x0000000090000000, 0x0000000090000000, 0x0000000090100000|  0%| F|  |TAMS 0x0000000090000000, 0x0000000090000000| Untracked 
| 257|0x0000000090100000, 0x0000000090100000, 0x0000000090200000|  0%| F|  |TAMS 0x0000000090100000, 0x0000000090100000| Untracked 
| 258|0x0000000090200000, 0x0000000090200000, 0x0000000090300000|  0%| F|  |TAMS 0x0000000090200000, 0x0000000090200000| Untracked 
| 259|0x0000000090300000, 0x0000000090300000, 0x0000000090400000|  0%| F|  |TAMS 0x0000000090300000, 0x0000000090300000| Untracked 
| 260|0x0000000090400000, 0x0000000090400000, 0x0000000090500000|  0%| F|  |TAMS 0x0000000090400000, 0x0000000090400000| Untracked 
| 261|0x0000000090500000, 0x0000000090500000, 0x0000000090600000|  0%| F|  |TAMS 0x0000000090500000, 0x0000000090500000| Untracked 
| 262|0x0000000090600000, 0x0000000090600000, 0x0000000090700000|  0%| F|  |TAMS 0x0000000090600000, 0x0000000090600000| Untracked 
| 263|0x0000000090700000, 0x0000000090700000, 0x0000000090800000|  0%| F|  |TAMS 0x0000000090700000, 0x0000000090700000| Untracked 
| 264|0x0000000090800000, 0x0000000090800000, 0x0000000090900000|  0%| F|  |TAMS 0x0000000090800000, 0x0000000090800000| Untracked 
| 265|0x0000000090900000, 0x0000000090900000, 0x0000000090a00000|  0%| F|  |TAMS 0x0000000090900000, 0x0000000090900000| Untracked 
| 266|0x0000000090a00000, 0x0000000090a00000, 0x0000000090b00000|  0%| F|  |TAMS 0x0000000090a00000, 0x0000000090a00000| Untracked 
| 267|0x0000000090b00000, 0x0000000090b00000, 0x0000000090c00000|  0%| F|  |TAMS 0x0000000090b00000, 0x0000000090b00000| Untracked 
| 268|0x0000000090c00000, 0x0000000090c00000, 0x0000000090d00000|  0%| F|  |TAMS 0x0000000090c00000, 0x0000000090c00000| Untracked 
| 269|0x0000000090d00000, 0x0000000090d00000, 0x0000000090e00000|  0%| F|  |TAMS 0x0000000090d00000, 0x0000000090d00000| Untracked 
| 270|0x0000000090e00000, 0x0000000090e00000, 0x0000000090f00000|  0%| F|  |TAMS 0x0000000090e00000, 0x0000000090e00000| Untracked 
| 271|0x0000000090f00000, 0x0000000090f00000, 0x0000000091000000|  0%| F|  |TAMS 0x0000000090f00000, 0x0000000090f00000| Untracked 
| 272|0x0000000091000000, 0x0000000091000000, 0x0000000091100000|  0%| F|  |TAMS 0x0000000091000000, 0x0000000091000000| Untracked 
| 273|0x0000000091100000, 0x0000000091100000, 0x0000000091200000|  0%| F|  |TAMS 0x0000000091100000, 0x0000000091100000| Untracked 
| 274|0x0000000091200000, 0x0000000091200000, 0x0000000091300000|  0%| F|  |TAMS 0x0000000091200000, 0x0000000091200000| Untracked 
| 275|0x0000000091300000, 0x0000000091300000, 0x0000000091400000|  0%| F|  |TAMS 0x0000000091300000, 0x0000000091300000| Untracked 
| 276|0x0000000091400000, 0x0000000091400000, 0x0000000091500000|  0%| F|  |TAMS 0x0000000091400000, 0x0000000091400000| Untracked 
| 277|0x0000000091500000, 0x0000000091500000, 0x0000000091600000|  0%| F|  |TAMS 0x0000000091500000, 0x0000000091500000| Untracked 
| 278|0x0000000091600000, 0x0000000091600000, 0x0000000091700000|  0%| F|  |TAMS 0x0000000091600000, 0x0000000091600000| Untracked 
| 279|0x0000000091700000, 0x0000000091700000, 0x0000000091800000|  0%| F|  |TAMS 0x0000000091700000, 0x0000000091700000| Untracked 
| 280|0x0000000091800000, 0x0000000091800000, 0x0000000091900000|  0%| F|  |TAMS 0x0000000091800000, 0x0000000091800000| Untracked 
| 281|0x0000000091900000, 0x0000000091900000, 0x0000000091a00000|  0%| F|  |TAMS 0x0000000091900000, 0x0000000091900000| Untracked 
| 282|0x0000000091a00000, 0x0000000091a00000, 0x0000000091b00000|  0%| F|  |TAMS 0x0000000091a00000, 0x0000000091a00000| Untracked 
| 283|0x0000000091b00000, 0x0000000091b00000, 0x0000000091c00000|  0%| F|  |TAMS 0x0000000091b00000, 0x0000000091b00000| Untracked 
| 284|0x0000000091c00000, 0x0000000091c00000, 0x0000000091d00000|  0%| F|  |TAMS 0x0000000091c00000, 0x0000000091c00000| Untracked 
| 285|0x0000000091d00000, 0x0000000091d00000, 0x0000000091e00000|  0%| F|  |TAMS 0x0000000091d00000, 0x0000000091d00000| Untracked 
| 286|0x0000000091e00000, 0x0000000091e00000, 0x0000000091f00000|  0%| F|  |TAMS 0x0000000091e00000, 0x0000000091e00000| Untracked 
| 287|0x0000000091f00000, 0x0000000091f00000, 0x0000000092000000|  0%| F|  |TAMS 0x0000000091f00000, 0x0000000091f00000| Untracked 
| 288|0x0000000092000000, 0x0000000092000000, 0x0000000092100000|  0%| F|  |TAMS 0x0000000092000000, 0x0000000092000000| Untracked 
| 289|0x0000000092100000, 0x0000000092100000, 0x0000000092200000|  0%| F|  |TAMS 0x0000000092100000, 0x0000000092100000| Untracked 
| 290|0x0000000092200000, 0x0000000092200000, 0x0000000092300000|  0%| F|  |TAMS 0x0000000092200000, 0x0000000092200000| Untracked 
| 291|0x0000000092300000, 0x0000000092300000, 0x0000000092400000|  0%| F|  |TAMS 0x0000000092300000, 0x0000000092300000| Untracked 
| 292|0x0000000092400000, 0x0000000092400000, 0x0000000092500000|  0%| F|  |TAMS 0x0000000092400000, 0x0000000092400000| Untracked 
| 293|0x0000000092500000, 0x0000000092500000, 0x0000000092600000|  0%| F|  |TAMS 0x0000000092500000, 0x0000000092500000| Untracked 
| 294|0x0000000092600000, 0x0000000092600000, 0x0000000092700000|  0%| F|  |TAMS 0x0000000092600000, 0x0000000092600000| Untracked 
| 295|0x0000000092700000, 0x0000000092700000, 0x0000000092800000|  0%| F|  |TAMS 0x0000000092700000, 0x0000000092700000| Untracked 
| 296|0x0000000092800000, 0x0000000092800000, 0x0000000092900000|  0%| F|  |TAMS 0x0000000092800000, 0x0000000092800000| Untracked 
| 297|0x0000000092900000, 0x0000000092900000, 0x0000000092a00000|  0%| F|  |TAMS 0x0000000092900000, 0x0000000092900000| Untracked 
| 298|0x0000000092a00000, 0x0000000092a00000, 0x0000000092b00000|  0%| F|  |TAMS 0x0000000092a00000, 0x0000000092a00000| Untracked 
| 299|0x0000000092b00000, 0x0000000092b00000, 0x0000000092c00000|  0%| F|  |TAMS 0x0000000092b00000, 0x0000000092b00000| Untracked 
| 300|0x0000000092c00000, 0x0000000092c00000, 0x0000000092d00000|  0%| F|  |TAMS 0x0000000092c00000, 0x0000000092c00000| Untracked 
| 301|0x0000000092d00000, 0x0000000092d00000, 0x0000000092e00000|  0%| F|  |TAMS 0x0000000092d00000, 0x0000000092d00000| Untracked 
| 302|0x0000000092e00000, 0x0000000092e00000, 0x0000000092f00000|  0%| F|  |TAMS 0x0000000092e00000, 0x0000000092e00000| Untracked 
| 303|0x0000000092f00000, 0x0000000092f00000, 0x0000000093000000|  0%| F|  |TAMS 0x0000000092f00000, 0x0000000092f00000| Untracked 
| 304|0x0000000093000000, 0x0000000093000000, 0x0000000093100000|  0%| F|  |TAMS 0x0000000093000000, 0x0000000093000000| Untracked 
| 305|0x0000000093100000, 0x0000000093100000, 0x0000000093200000|  0%| F|  |TAMS 0x0000000093100000, 0x0000000093100000| Untracked 
| 306|0x0000000093200000, 0x0000000093200000, 0x0000000093300000|  0%| F|  |TAMS 0x0000000093200000, 0x0000000093200000| Untracked 
| 307|0x0000000093300000, 0x0000000093300000, 0x0000000093400000|  0%| F|  |TAMS 0x0000000093300000, 0x0000000093300000| Untracked 
| 308|0x0000000093400000, 0x0000000093400000, 0x0000000093500000|  0%| F|  |TAMS 0x0000000093400000, 0x0000000093400000| Untracked 
| 309|0x0000000093500000, 0x0000000093500000, 0x0000000093600000|  0%| F|  |TAMS 0x0000000093500000, 0x0000000093500000| Untracked 
| 310|0x0000000093600000, 0x0000000093600000, 0x0000000093700000|  0%| F|  |TAMS 0x0000000093600000, 0x0000000093600000| Untracked 
| 311|0x0000000093700000, 0x0000000093700000, 0x0000000093800000|  0%| F|  |TAMS 0x0000000093700000, 0x0000000093700000| Untracked 
| 312|0x0000000093800000, 0x0000000093800000, 0x0000000093900000|  0%| F|  |TAMS 0x0000000093800000, 0x0000000093800000| Untracked 
| 313|0x0000000093900000, 0x0000000093900000, 0x0000000093a00000|  0%| F|  |TAMS 0x0000000093900000, 0x0000000093900000| Untracked 
| 314|0x0000000093a00000, 0x0000000093a00000, 0x0000000093b00000|  0%| F|  |TAMS 0x0000000093a00000, 0x0000000093a00000| Untracked 
| 315|0x0000000093b00000, 0x0000000093b00000, 0x0000000093c00000|  0%| F|  |TAMS 0x0000000093b00000, 0x0000000093b00000| Untracked 
| 316|0x0000000093c00000, 0x0000000093c00000, 0x0000000093d00000|  0%| F|  |TAMS 0x0000000093c00000, 0x0000000093c00000| Untracked 
| 317|0x0000000093d00000, 0x0000000093d00000, 0x0000000093e00000|  0%| F|  |TAMS 0x0000000093d00000, 0x0000000093d00000| Untracked 
| 318|0x0000000093e00000, 0x0000000093e00000, 0x0000000093f00000|  0%| F|  |TAMS 0x0000000093e00000, 0x0000000093e00000| Untracked 
| 319|0x0000000093f00000, 0x0000000093f00000, 0x0000000094000000|  0%| F|  |TAMS 0x0000000093f00000, 0x0000000093f00000| Untracked 
| 320|0x0000000094000000, 0x0000000094000000, 0x0000000094100000|  0%| F|  |TAMS 0x0000000094000000, 0x0000000094000000| Untracked 
| 321|0x0000000094100000, 0x0000000094100000, 0x0000000094200000|  0%| F|  |TAMS 0x0000000094100000, 0x0000000094100000| Untracked 
| 322|0x0000000094200000, 0x0000000094200000, 0x0000000094300000|  0%| F|  |TAMS 0x0000000094200000, 0x0000000094200000| Untracked 
| 323|0x0000000094300000, 0x0000000094300000, 0x0000000094400000|  0%| F|  |TAMS 0x0000000094300000, 0x0000000094300000| Untracked 
| 324|0x0000000094400000, 0x0000000094400000, 0x0000000094500000|  0%| F|  |TAMS 0x0000000094400000, 0x0000000094400000| Untracked 
| 325|0x0000000094500000, 0x0000000094500000, 0x0000000094600000|  0%| F|  |TAMS 0x0000000094500000, 0x0000000094500000| Untracked 
| 326|0x0000000094600000, 0x0000000094600000, 0x0000000094700000|  0%| F|  |TAMS 0x0000000094600000, 0x0000000094600000| Untracked 
| 327|0x0000000094700000, 0x0000000094700000, 0x0000000094800000|  0%| F|  |TAMS 0x0000000094700000, 0x0000000094700000| Untracked 
| 328|0x0000000094800000, 0x0000000094800000, 0x0000000094900000|  0%| F|  |TAMS 0x0000000094800000, 0x0000000094800000| Untracked 
| 329|0x0000000094900000, 0x0000000094900000, 0x0000000094a00000|  0%| F|  |TAMS 0x0000000094900000, 0x0000000094900000| Untracked 
| 330|0x0000000094a00000, 0x0000000094a00000, 0x0000000094b00000|  0%| F|  |TAMS 0x0000000094a00000, 0x0000000094a00000| Untracked 
| 331|0x0000000094b00000, 0x0000000094b00000, 0x0000000094c00000|  0%| F|  |TAMS 0x0000000094b00000, 0x0000000094b00000| Untracked 

Card table byte_map: [0x000001715aa40000,0x000001715ae40000] _byte_map_base: 0x000001715a640000

Marking Bits (Prev, Next): (CMBitMap*) 0x00000171478611e0, (CMBitMap*) 0x00000171478611a8
 Prev Bits: [0x000001715d240000, 0x000001715f240000)
 Next Bits: [0x000001715b240000, 0x000001715d240000)

Polling page: 0x00000171457a0000

Metaspace:

Usage:
  Non-class:     84.59 MB capacity,    83.00 MB ( 98%) used,     1.28 MB (  2%) free+waste,   319.88 KB ( <1%) overhead. 
      Class:     13.43 MB capacity,    12.44 MB ( 93%) used,   872.62 KB (  6%) free+waste,   143.13 KB (  1%) overhead. 
       Both:     98.02 MB capacity,    95.44 MB ( 97%) used,     2.13 MB (  2%) free+waste,   463.00 KB ( <1%) overhead. 

Virtual space:
  Non-class space:       86.00 MB reserved,      84.75 MB ( 99%) committed 
      Class space:        1.00 GB reserved,      13.45 MB (  1%) committed 
             Both:        1.08 GB reserved,      98.20 MB (  9%) committed 

Chunk freelists:
   Non-Class:  37.00 KB
       Class:  4.00 KB
        Both:  41.00 KB

MaxMetaspaceSize: 17179869184.00 GB
CompressedClassSpaceSize: 1.00 GB

CodeHeap 'non-profiled nmethods': size=120000Kb used=7144Kb max_used=7144Kb free=112855Kb
 bounds [0x0000017152de0000, 0x00000171534e0000, 0x000001715a310000]
CodeHeap 'profiled nmethods': size=120000Kb used=31853Kb max_used=31853Kb free=88146Kb
 bounds [0x000001714b8b0000, 0x000001714d7d0000, 0x0000017152de0000]
CodeHeap 'non-nmethods': size=5760Kb used=2312Kb max_used=2397Kb free=3447Kb
 bounds [0x000001714b310000, 0x000001714b580000, 0x000001714b8b0000]
 total_blobs=14725 nmethods=13817 adapters=818
 compilation: enabled
              stopped_count=0, restarted_count=0
 full_count=0

Compilation events (20 events):
Event: 14.458 Thread 0x000001716260f800 14273       2       com.android.tools.r8.ir.regalloc.a::b (205 bytes)
Event: 14.459 Thread 0x000001716260f800 nmethod 14273 0x000001714d7c6910 code [0x000001714d7c6c00, 0x000001714d7c75f8]
Event: 14.461 Thread 0x000001716260f800 14275       2       com.android.tools.r8.graph.Z::a (192 bytes)
Event: 14.462 Thread 0x000001716260e800 nmethod 13982 0x00000171534c0590 code [0x00000171534c0f20, 0x00000171534c94e8]
Event: 14.462 Thread 0x000001716260e800 14125       4       java.util.Collections$SetFromMap::remove (19 bytes)
Event: 14.462 Thread 0x000001716260f800 nmethod 14275 0x000001714d7c7c90 code [0x000001714d7c7ec0, 0x000001714d7c8258]
Event: 14.462 Thread 0x000001716260f800 14274       2       com.android.tools.r8.internal.B1::a (357 bytes)
Event: 14.463 Thread 0x000001716260e800 nmethod 14125 0x00000171534ce710 code [0x00000171534ce8a0, 0x00000171534ce938]
Event: 14.463 Thread 0x000001716260e800 14280       4       com.android.tools.r8.internal.W4::a (1165 bytes)
Event: 14.464 Thread 0x000001716260f800 nmethod 14274 0x000001714d7c8510 code [0x000001714d7c88c0, 0x000001714d7c9948]
Event: 14.464 Thread 0x000001716260f800 14276       2       com.android.tools.r8.graph.z$$Lambda$1576/0x0000000100a44c40::test (16 bytes)
Event: 14.465 Thread 0x000001716260f800 nmethod 14276 0x000001714d7ca390 code [0x000001714d7ca560, 0x000001714d7ca728]
Event: 14.465 Thread 0x000001716260f800 14277       2       com.android.tools.r8.graph.z::a (15 bytes)
Event: 14.465 Thread 0x000001716260f800 nmethod 14277 0x000001714d7ca890 code [0x000001714d7caa60, 0x000001714d7cabc8]
Event: 14.465 Thread 0x000001716260f800 14278       2       com.android.tools.r8.graph.B::m (5 bytes)
Event: 14.465 Thread 0x000001716260f800 nmethod 14278 0x000001714d7cad10 code [0x000001714d7caec0, 0x000001714d7cafb8]
Event: 14.465 Thread 0x000001716260f800 14279       2       com.android.tools.r8.graph.z::s0 (13 bytes)
Event: 14.465 Thread 0x000001716260f800 nmethod 14279 0x000001714d7cb090 code [0x000001714d7cb240, 0x000001714d7cb368]
Event: 14.467 Thread 0x00000171629ef800 nmethod 12567 0x00000171534cea10 code [0x00000171534cf220, 0x00000171534d5e68]
Event: 14.468 Thread 0x00000171629ef800 14157       4       com.android.tools.r8.internal.Wi::l2 (44 bytes)

GC Heap History (20 events):
Event: 12.453 GC heap after
{Heap after GC invocations=30 (full 0):
 garbage-first heap   total 282624K, used 119949K [0x0000000080000000, 0x0000000100000000)
  region size 1024K, 2 young (2048K), 2 survivors (2048K)
 Metaspace       used 94607K, capacity 96942K, committed 97868K, reserved 1134592K
  class space    used 12438K, capacity 13305K, committed 13644K, reserved 1048576K
}
Event: 12.681 GC heap before
{Heap before GC invocations=30 (full 0):
 garbage-first heap   total 282624K, used 210061K [0x0000000080000000, 0x0000000100000000)
  region size 1024K, 90 young (92160K), 2 survivors (2048K)
 Metaspace       used 94967K, capacity 97392K, committed 98124K, reserved 1134592K
  class space    used 12476K, capacity 13370K, committed 13644K, reserved 1048576K
}
Event: 12.685 GC heap after
{Heap after GC invocations=31 (full 0):
 garbage-first heap   total 282624K, used 120608K [0x0000000080000000, 0x0000000100000000)
  region size 1024K, 2 young (2048K), 2 survivors (2048K)
 Metaspace       used 94967K, capacity 97392K, committed 98124K, reserved 1134592K
  class space    used 12476K, capacity 13370K, committed 13644K, reserved 1048576K
}
Event: 12.853 GC heap before
{Heap before GC invocations=31 (full 0):
 garbage-first heap   total 282624K, used 218912K [0x0000000080000000, 0x0000000100000000)
  region size 1024K, 98 young (100352K), 2 survivors (2048K)
 Metaspace       used 95320K, capacity 97768K, committed 98380K, reserved 1134592K
  class space    used 12513K, capacity 13389K, committed 13644K, reserved 1048576K
}
Event: 12.857 GC heap after
{Heap after GC invocations=32 (full 0):
 garbage-first heap   total 282624K, used 121714K [0x0000000080000000, 0x0000000100000000)
  region size 1024K, 3 young (3072K), 3 survivors (3072K)
 Metaspace       used 95320K, capacity 97768K, committed 98380K, reserved 1134592K
  class space    used 12513K, capacity 13389K, committed 13644K, reserved 1048576K
}
Event: 13.121 GC heap before
{Heap before GC invocations=32 (full 0):
 garbage-first heap   total 282624K, used 222066K [0x0000000080000000, 0x0000000100000000)
  region size 1024K, 101 young (103424K), 3 survivors (3072K)
 Metaspace       used 95786K, capacity 98222K, committed 98892K, reserved 1134592K
  class space    used 12561K, capacity 13451K, committed 13644K, reserved 1048576K
}
Event: 13.124 GC heap after
{Heap after GC invocations=33 (full 0):
 garbage-first heap   total 282624K, used 122295K [0x0000000080000000, 0x0000000100000000)
  region size 1024K, 4 young (4096K), 4 survivors (4096K)
 Metaspace       used 95786K, capacity 98222K, committed 98892K, reserved 1134592K
  class space    used 12561K, capacity 13451K, committed 13644K, reserved 1048576K
}
Event: 13.312 GC heap before
{Heap before GC invocations=33 (full 0):
 garbage-first heap   total 282624K, used 226743K [0x0000000080000000, 0x0000000100000000)
  region size 1024K, 106 young (108544K), 4 survivors (4096K)
 Metaspace       used 96111K, capacity 98582K, committed 99276K, reserved 1134592K
  class space    used 12583K, capacity 13504K, committed 13772K, reserved 1048576K
}
Event: 13.316 GC heap after
{Heap after GC invocations=34 (full 0):
 garbage-first heap   total 282624K, used 124296K [0x0000000080000000, 0x0000000100000000)
  region size 1024K, 6 young (6144K), 6 survivors (6144K)
 Metaspace       used 96111K, capacity 98582K, committed 99276K, reserved 1134592K
  class space    used 12583K, capacity 13504K, committed 13772K, reserved 1048576K
}
Event: 13.497 GC heap before
{Heap before GC invocations=34 (full 0):
 garbage-first heap   total 282624K, used 228744K [0x0000000080000000, 0x0000000100000000)
  region size 1024K, 109 young (111616K), 6 survivors (6144K)
 Metaspace       used 96658K, capacity 99112K, committed 99532K, reserved 1134592K
  class space    used 12650K, capacity 13573K, committed 13772K, reserved 1048576K
}
Event: 13.504 GC heap after
{Heap after GC invocations=35 (full 0):
 garbage-first heap   total 282624K, used 125680K [0x0000000080000000, 0x0000000100000000)
  region size 1024K, 7 young (7168K), 7 survivors (7168K)
 Metaspace       used 96658K, capacity 99112K, committed 99532K, reserved 1134592K
  class space    used 12650K, capacity 13573K, committed 13772K, reserved 1048576K
}
Event: 13.684 GC heap before
{Heap before GC invocations=35 (full 0):
 garbage-first heap   total 282624K, used 235248K [0x0000000080000000, 0x0000000100000000)
  region size 1024K, 114 young (116736K), 7 survivors (7168K)
 Metaspace       used 96911K, capacity 99409K, committed 99788K, reserved 1134592K
  class space    used 12655K, capacity 13579K, committed 13772K, reserved 1048576K
}
Event: 13.753 GC heap after
{Heap after GC invocations=36 (full 0):
 garbage-first heap   total 339968K, used 127838K [0x0000000080000000, 0x0000000100000000)
  region size 1024K, 9 young (9216K), 9 survivors (9216K)
 Metaspace       used 96911K, capacity 99409K, committed 99788K, reserved 1134592K
  class space    used 12655K, capacity 13579K, committed 13772K, reserved 1048576K
}
Event: 13.889 GC heap before
{Heap before GC invocations=36 (full 0):
 garbage-first heap   total 339968K, used 252766K [0x0000000080000000, 0x0000000100000000)
  region size 1024K, 131 young (134144K), 9 survivors (9216K)
 Metaspace       used 97190K, capacity 99743K, committed 100044K, reserved 1136640K
  class space    used 12695K, capacity 13646K, committed 13772K, reserved 1048576K
}
Event: 13.898 GC heap after
{Heap after GC invocations=37 (full 0):
 garbage-first heap   total 339968K, used 128829K [0x0000000080000000, 0x0000000100000000)
  region size 1024K, 10 young (10240K), 10 survivors (10240K)
 Metaspace       used 97190K, capacity 99743K, committed 100044K, reserved 1136640K
  class space    used 12695K, capacity 13646K, committed 13772K, reserved 1048576K
}
Event: 14.116 GC heap before
{Heap before GC invocations=37 (full 0):
 garbage-first heap   total 339968K, used 267069K [0x0000000080000000, 0x0000000100000000)
  region size 1024K, 145 young (148480K), 10 survivors (10240K)
 Metaspace       used 97591K, capacity 100230K, committed 100300K, reserved 1136640K
  class space    used 12724K, capacity 13709K, committed 13772K, reserved 1048576K
}
Event: 14.123 GC heap after
{Heap after GC invocations=38 (full 0):
 garbage-first heap   total 339968K, used 129573K [0x0000000080000000, 0x0000000100000000)
  region size 1024K, 11 young (11264K), 11 survivors (11264K)
 Metaspace       used 97591K, capacity 100230K, committed 100300K, reserved 1136640K
  class space    used 12724K, capacity 13709K, committed 13772K, reserved 1048576K
}
Event: 14.310 GC heap before
{Heap before GC invocations=38 (full 0):
 garbage-first heap   total 339968K, used 279077K [0x0000000080000000, 0x0000000100000000)
  region size 1024K, 157 young (160768K), 11 survivors (11264K)
 Metaspace       used 97672K, capacity 100294K, committed 100556K, reserved 1136640K
  class space    used 12735K, capacity 13751K, committed 13772K, reserved 1048576K
}
Event: 14.320 GC heap after
{Heap after GC invocations=39 (full 0):
 garbage-first heap   total 339968K, used 131473K [0x0000000080000000, 0x0000000100000000)
  region size 1024K, 13 young (13312K), 13 survivors (13312K)
 Metaspace       used 97672K, capacity 100294K, committed 100556K, reserved 1136640K
  class space    used 12735K, capacity 13751K, committed 13772K, reserved 1048576K
}
Event: 14.469 GC heap before
{Heap before GC invocations=39 (full 0):
 garbage-first heap   total 339968K, used 287121K [0x0000000080000000, 0x0000000100000000)
  region size 1024K, 166 young (169984K), 13 survivors (13312K)
 Metaspace       used 97727K, capacity 100375K, committed 100556K, reserved 1136640K
  class space    used 12740K, capacity 13756K, committed 13772K, reserved 1048576K
}

Deoptimization events (20 events):
Event: 14.456 Thread 0x000001716785d800 DEOPT PACKING pc=0x000001714d7af531 sp=0x00000049b3ff9f80
Event: 14.456 Thread 0x000001716785d800 DEOPT UNPACKING pc=0x000001714b338ede sp=0x00000049b3ff94a8 mode 0
Event: 14.457 Thread 0x000001716785d800 DEOPT PACKING pc=0x000001714d7af531 sp=0x00000049b3ff9f50
Event: 14.457 Thread 0x000001716785d800 DEOPT UNPACKING pc=0x000001714b338ede sp=0x00000049b3ff9478 mode 0
Event: 14.459 Thread 0x000001716785d800 DEOPT PACKING pc=0x000001714d7af3f9 sp=0x00000049b3ff9f50
Event: 14.459 Thread 0x000001716785d800 DEOPT UNPACKING pc=0x000001714b338ede sp=0x00000049b3ff9478 mode 0
Event: 14.461 Thread 0x000001716785d800 DEOPT PACKING pc=0x000001714d7af3f9 sp=0x00000049b3ff9d40
Event: 14.461 Thread 0x000001716785d800 DEOPT UNPACKING pc=0x000001714b338ede sp=0x00000049b3ff9268 mode 0
Event: 14.462 Thread 0x000001716785e800 Uncommon trap: trap_request=0xfffffff4 fr.pc=0x00000171534c88cc relative=0x00000000000079ac
Event: 14.462 Thread 0x000001716785e800 Uncommon trap: reason=null_check action=make_not_entrant pc=0x00000171534c88cc method=com.android.tools.r8.internal.F3.b(Lcom/android/tools/r8/internal/Vv;)Lcom/android/tools/r8/internal/Vv; @ 11 c2
Event: 14.462 Thread 0x000001716785e800 DEOPT PACKING pc=0x00000171534c88cc sp=0x00000049b41f9540
Event: 14.462 Thread 0x000001716785e800 DEOPT UNPACKING pc=0x000001714b3183af sp=0x00000049b41f93a0 mode 2
Event: 14.463 Thread 0x000001716785d800 DEOPT PACKING pc=0x000001714d7af531 sp=0x00000049b3ff9f70
Event: 14.463 Thread 0x000001716785d800 DEOPT UNPACKING pc=0x000001714b338ede sp=0x00000049b3ff9498 mode 0
Event: 14.468 Thread 0x000001716785d800 DEOPT PACKING pc=0x000001714d7af531 sp=0x00000049b3ff9d40
Event: 14.468 Thread 0x000001716785d800 DEOPT UNPACKING pc=0x000001714b338ede sp=0x00000049b3ff9268 mode 0
Event: 14.468 Thread 0x0000017167862800 Uncommon trap: trap_request=0xfffffff4 fr.pc=0x00000171534d5554 relative=0x0000000000006334
Event: 14.469 Thread 0x0000017167862800 Uncommon trap: reason=null_check action=make_not_entrant pc=0x00000171534d5554 method=com.android.tools.r8.internal.W4.a(II)Lcom/android/tools/r8/internal/f9; @ 14 c2
Event: 14.469 Thread 0x0000017167862800 DEOPT PACKING pc=0x00000171534d5554 sp=0x00000049b3df8cb0
Event: 14.469 Thread 0x0000017167862800 DEOPT UNPACKING pc=0x000001714b3183af sp=0x00000049b3df8cd8 mode 2

Classes redefined (0 events):
No events

Internal exceptions (20 events):
Event: 12.774 Thread 0x0000017167863800 Exception <a 'java/lang/NoSuchMethodError'{0x000000008e575328}: 'void java.lang.invoke.DirectMethodHandle$Holder.invokeSpecial(java.lang.Object, java.lang.Object, int, java.lang.Object, java.lang.Object, java.lang.Object, java.lang.Object)'> (0x000000008e575328) thrown at [./src/hotspot/share/interpreter/linkResolver.cpp, line 773]
Event: 12.775 Thread 0x0000017167863800 Exception <a 'java/lang/NoSuchMethodError'{0x000000008e203830}: 'java.lang.Object java.lang.invoke.Invokers$Holder.linkToTargetMethod(java.lang.Object, int, java.lang.Object, java.lang.Object, java.lang.Object, java.lang.Object)'> (0x000000008e203830) thrown at [./src/hotspot/share/interpreter/linkResolver.cpp, line 773]
Event: 12.775 Thread 0x0000017167863800 Exception <a 'java/lang/NoSuchMethodError'{0x000000008e207ce0}: 'void java.lang.invoke.DirectMethodHandle$Holder.invokeSpecial(java.lang.Object, java.lang.Object, java.lang.Object, java.lang.Object, java.lang.Object, java.lang.Object, java.lang.Object, java.lang.Object, java.lang.Object)'> (0x000000008e207ce0) thrown at [./src/hotspot/share/interpreter/linkResolver.cpp, line 773]
Event: 12.777 Thread 0x0000017167863800 Exception <a 'java/lang/NoSuchMethodError'{0x000000008e222900}: 'void java.lang.invoke.DirectMethodHandle$Holder.invokeStatic(java.lang.Object, java.lang.Object, java.lang.Object, java.lang.Object, java.lang.Object, java.lang.Object, java.lang.Object, java.lang.Object)'> (0x000000008e222900) thrown at [./src/hotspot/share/interpreter/linkResolver.cpp, line 773]
Event: 13.126 Thread 0x0000017167863800 Exception <a 'java/lang/IncompatibleClassChangeError'{0x00000000912b7990}: Found class java.lang.Object, but interface was expected> (0x00000000912b7990) thrown at [./src/hotspot/share/interpreter/linkResolver.cpp, line 839]
Event: 13.126 Thread 0x000001716785d800 Exception <a 'java/lang/IncompatibleClassChangeError'{0x00000000913cb370}: Found class java.lang.Object, but interface was expected> (0x00000000913cb370) thrown at [./src/hotspot/share/interpreter/linkResolver.cpp, line 839]
Event: 13.423 Thread 0x000001716785d800 Exception <a 'java/lang/NoSuchMethodError'{0x000000008c209230}: 'void java.lang.invoke.DirectMethodHandle$Holder.invokeVirtual(java.lang.Object, java.lang.Object, int)'> (0x000000008c209230) thrown at [./src/hotspot/share/interpreter/linkResolver.cpp, line 773]
Event: 13.425 Thread 0x0000017167863800 Exception <a 'java/lang/NoSuchMethodError'{0x000000008c068b00}: 'void java.lang.invoke.DirectMethodHandle$Holder.invokeVirtual(java.lang.Object, java.lang.Object, int)'> (0x000000008c068b00) thrown at [./src/hotspot/share/interpreter/linkResolver.cpp, line 773]
Event: 13.775 Thread 0x000001716785e800 Implicit null exception at 0x00000171533747ef to 0x000001715337492c
Event: 14.021 Thread 0x000001716785d800 Exception <a 'sun/nio/fs/WindowsException'{0x0000000092d10548}> (0x0000000092d10548) thrown at [./src/hotspot/share/prims/jni.cpp, line 615]
Event: 14.034 Thread 0x0000017167863800 Exception <a 'sun/nio/fs/WindowsException'{0x0000000092d144d0}> (0x0000000092d144d0) thrown at [./src/hotspot/share/prims/jni.cpp, line 615]
Event: 14.075 Thread 0x000001716785e800 Exception <a 'sun/nio/fs/WindowsException'{0x000000008e799458}> (0x000000008e799458) thrown at [./src/hotspot/share/prims/jni.cpp, line 615]
Event: 14.195 Thread 0x0000017167863800 Exception <a 'java/lang/NoSuchMethodError'{0x0000000092300b98}: 'void java.lang.invoke.DirectMethodHandle$Holder.invokeStatic(java.lang.Object, java.lang.Object, java.lang.Object, java.lang.Object, java.lang.Object, java.lang.Object, java.lang.Object)'> (0x0000000092300b98) thrown at [./src/hotspot/share/interpreter/linkResolver.cpp, line 773]
Event: 14.195 Thread 0x000001716785d800 Exception <a 'java/lang/NoSuchMethodError'{0x000000009498bdf8}: 'void java.lang.invoke.DirectMethodHandle$Holder.invokeStatic(java.lang.Object, java.lang.Object, java.lang.Object, java.lang.Object, java.lang.Object, java.lang.Object, java.lang.Object)'> (0x000000009498bdf8) thrown at [./src/hotspot/share/interpreter/linkResolver.cpp, line 773]
Event: 14.360 Thread 0x0000017167863800 Exception <a 'sun/nio/fs/WindowsException'{0x00000000922a1f20}> (0x00000000922a1f20) thrown at [./src/hotspot/share/prims/jni.cpp, line 615]
Event: 14.375 Thread 0x0000017167863800 Exception <a 'sun/nio/fs/WindowsException'{0x0000000091281488}> (0x0000000091281488) thrown at [./src/hotspot/share/prims/jni.cpp, line 615]
Event: 14.404 Thread 0x000001716785e800 Exception <a 'sun/nio/fs/WindowsException'{0x000000008f2a58c0}> (0x000000008f2a58c0) thrown at [./src/hotspot/share/prims/jni.cpp, line 615]
Event: 14.444 Thread 0x000001716785d800 Exception <a 'sun/nio/fs/WindowsException'{0x000000008c94c7d8}> (0x000000008c94c7d8) thrown at [./src/hotspot/share/prims/jni.cpp, line 615]
Event: 14.462 Thread 0x000001716785e800 Implicit null exception at 0x00000171534c3630 to 0x00000171534c8894
Event: 14.468 Thread 0x0000017167862800 Implicit null exception at 0x00000171534d03dc to 0x00000171534d5538

Events (20 events):
Event: 14.331 loading class org/gradle/internal/snapshot/SnapshotHierarchy done
Event: 14.331 loading class org/gradle/internal/snapshot/SnapshotHierarchy
Event: 14.331 loading class org/gradle/internal/snapshot/SnapshotHierarchy done
Event: 14.331 loading class org/gradle/internal/watch/vfs/impl/WatchingVirtualFileSystem$VfsChangeLoggingNodeDiffListener
Event: 14.331 loading class org/gradle/internal/watch/vfs/impl/WatchingVirtualFileSystem$VfsChangeLoggingNodeDiffListener done
Event: 14.334 Executing VM operation: Deoptimize
Event: 14.336 Executing VM operation: Deoptimize done
Event: 14.410 loading class com/android/tools/r8/internal/DE
Event: 14.410 loading class com/android/tools/r8/internal/DE done
Event: 14.410 loading class com/android/tools/r8/internal/DE
Event: 14.410 loading class com/android/tools/r8/internal/DE done
Event: 14.410 loading class com/android/tools/r8/internal/CE
Event: 14.410 loading class com/android/tools/r8/internal/CE done
Event: 14.411 loading class com/android/tools/r8/code/D0
Event: 14.411 loading class com/android/tools/r8/code/D0 done
Event: 14.411 loading class com/android/tools/r8/code/D0
Event: 14.411 loading class com/android/tools/r8/code/D0 done
Event: 14.411 loading class com/android/tools/r8/code/D0
Event: 14.411 loading class com/android/tools/r8/code/D0 done
Event: 14.469 Executing VM operation: G1CollectForAllocation


Dynamic libraries:
0x00007ff7bf0f0000 - 0x00007ff7bf0fa000 	C:\Program Files\Android\Android Studio\jre\bin\java.exe
0x00007fff38cd0000 - 0x00007fff38ec5000 	C:\Windows\SYSTEM32\ntdll.dll
0x00007fff371f0000 - 0x00007fff372ad000 	C:\Windows\System32\KERNEL32.DLL
0x00007fff363e0000 - 0x00007fff366ad000 	C:\Windows\System32\KERNELBASE.dll
0x00007fff36940000 - 0x00007fff36a40000 	C:\Windows\System32\ucrtbase.dll
0x00007fff31ab0000 - 0x00007fff31ac9000 	C:\Program Files\Android\Android Studio\jre\bin\jli.dll
0x00007fff04070000 - 0x00007fff04087000 	C:\Program Files\Android\Android Studio\jre\bin\VCRUNTIME140.dll
0x00007fff38880000 - 0x00007fff38a20000 	C:\Windows\System32\USER32.dll
0x00007fff36ab0000 - 0x00007fff36ad2000 	C:\Windows\System32\win32u.dll
0x00007fff20d50000 - 0x00007fff20fea000 	C:\Windows\WinSxS\amd64_microsoft.windows.common-controls_6595b64144ccf1df_6.0.19041.1110_none_60b5254171f9507e\COMCTL32.dll
0x00007fff379c0000 - 0x00007fff379ea000 	C:\Windows\System32\GDI32.dll
0x00007fff381a0000 - 0x00007fff3823e000 	C:\Windows\System32\msvcrt.dll
0x00007fff36b80000 - 0x00007fff36c8b000 	C:\Windows\System32\gdi32full.dll
0x00007fff36ae0000 - 0x00007fff36b7d000 	C:\Windows\System32\msvcp_win.dll
0x00007fff36d40000 - 0x00007fff36d70000 	C:\Windows\System32\IMM32.DLL
0x00007ffeffc00000 - 0x00007ffeffc9d000 	C:\Program Files\Android\Android Studio\jre\bin\msvcp140.dll
0x00007ffebc640000 - 0x00007ffebd10f000 	C:\Program Files\Android\Android Studio\jre\bin\server\jvm.dll
0x00007fff38a20000 - 0x00007fff38ace000 	C:\Windows\System32\ADVAPI32.dll
0x00007fff373e0000 - 0x00007fff3747c000 	C:\Windows\System32\sechost.dll
0x00007fff372b0000 - 0x00007fff373d5000 	C:\Windows\System32\RPCRT4.dll
0x00007fff38c80000 - 0x00007fff38c88000 	C:\Windows\System32\PSAPI.DLL
0x00007fff1f340000 - 0x00007fff1f367000 	C:\Windows\SYSTEM32\WINMM.dll
0x00007fff15100000 - 0x00007fff15109000 	C:\Windows\SYSTEM32\WSOCK32.dll
0x00007fff2c2c0000 - 0x00007fff2c2ca000 	C:\Windows\SYSTEM32\VERSION.dll
0x00007fff386a0000 - 0x00007fff3870b000 	C:\Windows\System32\WS2_32.dll
0x00007fff34c30000 - 0x00007fff34c42000 	C:\Windows\SYSTEM32\kernel.appcore.dll
0x00007ffef3ce0000 - 0x00007ffef3cf1000 	C:\Program Files\Android\Android Studio\jre\bin\verify.dll
0x00007fff34190000 - 0x00007fff34374000 	C:\Windows\SYSTEM32\DBGHELP.DLL
0x00007fff27350000 - 0x00007fff2737c000 	C:\Windows\SYSTEM32\dbgcore.DLL
0x00007fff36c90000 - 0x00007fff36d12000 	C:\Windows\System32\bcryptPrimitives.dll
0x00007ffec4b50000 - 0x00007ffec4b79000 	C:\Program Files\Android\Android Studio\jre\bin\java.dll
0x00007ffee1660000 - 0x00007ffee166b000 	C:\Program Files\Android\Android Studio\jre\bin\jimage.dll
0x00007ffee15e0000 - 0x00007ffee15f8000 	C:\Program Files\Android\Android Studio\jre\bin\zip.dll
0x00007fff379f0000 - 0x00007fff38134000 	C:\Windows\System32\SHELL32.dll
0x00007fff34480000 - 0x00007fff34c14000 	C:\Windows\SYSTEM32\windows.storage.dll
0x00007fff37660000 - 0x00007fff379b4000 	C:\Windows\System32\combase.dll
0x00007fff35e40000 - 0x00007fff35e6c000 	C:\Windows\SYSTEM32\Wldp.dll
0x00007fff38710000 - 0x00007fff387bd000 	C:\Windows\System32\SHCORE.dll
0x00007fff38820000 - 0x00007fff38875000 	C:\Windows\System32\shlwapi.dll
0x00007fff36320000 - 0x00007fff3633f000 	C:\Windows\SYSTEM32\profapi.dll
0x00007ffec4450000 - 0x00007ffec446a000 	C:\Program Files\Android\Android Studio\jre\bin\net.dll
0x00007fff2ef40000 - 0x00007fff2f04a000 	C:\Windows\SYSTEM32\WINHTTP.dll
0x00007fff35ba0000 - 0x00007fff35c0a000 	C:\Windows\system32\mswsock.dll
0x00007ffec4430000 - 0x00007ffec4444000 	C:\Program Files\Android\Android Studio\jre\bin\nio.dll
0x00007fff31ad0000 - 0x00007fff31af7000 	C:\Users\bella\.gradle\native\8bec1ad78214c89d9ad589b4d07fe93259594b29d510b10fafb7a158f7737e5d\windows-amd64\native-platform.dll
0x00007ffeef230000 - 0x00007ffeef36d000 	C:\Users\bella\.gradle\native\53dbd7edfb1c66fb8903c78663c9afc45aea4f116125fa6feffd364cf09443e8\windows-amd64\native-platform-file-events.dll
0x00007ffec7540000 - 0x00007ffec754a000 	C:\Program Files\Android\Android Studio\jre\bin\management.dll
0x00007ffec7530000 - 0x00007ffec753c000 	C:\Program Files\Android\Android Studio\jre\bin\management_ext.dll
0x00007fff35d90000 - 0x00007fff35da8000 	C:\Windows\SYSTEM32\CRYPTSP.dll
0x00007fff35480000 - 0x00007fff354b4000 	C:\Windows\system32\rsaenh.dll
0x00007fff36860000 - 0x00007fff36887000 	C:\Windows\System32\bcrypt.dll
0x00007fff362e0000 - 0x00007fff3630e000 	C:\Windows\SYSTEM32\USERENV.dll
0x00007fff35db0000 - 0x00007fff35dbc000 	C:\Windows\SYSTEM32\CRYPTBASE.dll
0x00007fff35840000 - 0x00007fff3587b000 	C:\Windows\SYSTEM32\IPHLPAPI.DLL
0x00007fff385b0000 - 0x00007fff385b8000 	C:\Windows\System32\NSI.dll
0x00007fff2dd10000 - 0x00007fff2dd27000 	C:\Windows\SYSTEM32\dhcpcsvc6.DLL
0x00007fff2dcf0000 - 0x00007fff2dd0d000 	C:\Windows\SYSTEM32\dhcpcsvc.DLL
0x00007fff35890000 - 0x00007fff3595b000 	C:\Windows\SYSTEM32\DNSAPI.dll

dbghelp: loaded successfully - version: 4.0.5 - missing functions: none
symbol engine: initialized successfully - sym options: 0x614 - pdb path: .;C:\Program Files\Android\Android Studio\jre\bin;C:\Windows\SYSTEM32;C:\Windows\WinSxS\amd64_microsoft.windows.common-controls_6595b64144ccf1df_6.0.19041.1110_none_60b5254171f9507e;C:\Program Files\Android\Android Studio\jre\bin\server;C:\Users\bella\.gradle\native\8bec1ad78214c89d9ad589b4d07fe93259594b29d510b10fafb7a158f7737e5d\windows-amd64;C:\Users\bella\.gradle\native\53dbd7edfb1c66fb8903c78663c9afc45aea4f116125fa6feffd364cf09443e8\windows-amd64

VM Arguments:
jvm_args: --add-opens=java.base/java.util=ALL-UNNAMED --add-opens=java.base/java.lang=ALL-UNNAMED --add-opens=java.base/java.lang.invoke=ALL-UNNAMED --add-opens=java.base/java.util=ALL-UNNAMED --add-opens=java.prefs/java.util.prefs=ALL-UNNAMED --add-opens=java.prefs/java.util.prefs=ALL-UNNAMED --add-opens=java.base/java.nio.charset=ALL-UNNAMED --add-opens=java.base/java.net=ALL-UNNAMED --add-opens=java.base/java.util.concurrent.atomic=ALL-UNNAMED -Xmx2048m -Dfile.encoding=UTF-8 -Duser.country=US -Duser.language=en -Duser.variant 
java_command: org.gradle.launcher.daemon.bootstrap.GradleDaemon 7.0.2
java_class_path (initial): C:\Users\bella\.gradle\wrapper\dists\gradle-7.0.2-bin\857tjihv64xamwrf0h14cai3r\gradle-7.0.2\lib\gradle-launcher-7.0.2.jar
Launcher Type: SUN_STANDARD

[Global flags]
     intx CICompilerCount                          = 4                                         {product} {ergonomic}
     uint ConcGCThreads                            = 2                                         {product} {ergonomic}
     uint G1ConcRefinementThreads                  = 8                                         {product} {ergonomic}
   size_t G1HeapRegionSize                         = 1048576                                   {product} {ergonomic}
    uintx GCDrainStackTargetSize                   = 64                                        {product} {ergonomic}
   size_t InitialHeapSize                          = 130023424                                 {product} {ergonomic}
   size_t MarkStackSize                            = 4194304                                   {product} {ergonomic}
   size_t MaxHeapSize                              = 2147483648                                {product} {command line}
   size_t MaxNewSize                               = 1287651328                                {product} {ergonomic}
   size_t MinHeapDeltaBytes                        = 1048576                                   {product} {ergonomic}
    uintx NonNMethodCodeHeapSize                   = 5836300                                {pd product} {ergonomic}
    uintx NonProfiledCodeHeapSize                  = 122910970                              {pd product} {ergonomic}
    uintx ProfiledCodeHeapSize                     = 122910970                              {pd product} {ergonomic}
    uintx ReservedCodeCacheSize                    = 251658240                              {pd product} {ergonomic}
     bool SegmentedCodeCache                       = true                                      {product} {ergonomic}
     bool UseCompressedClassPointers               = true                                 {lp64_product} {ergonomic}
     bool UseCompressedOops                        = true                                 {lp64_product} {ergonomic}
     bool UseG1GC                                  = true                                      {product} {ergonomic}
     bool UseLargePagesIndividualAllocation        = false                                  {pd product} {ergonomic}

Logging:
Log output configuration:
 #0: stdout all=warning uptime,level,tags
 #1: stderr all=off uptime,level,tags

Environment Variables:
PATH=;C:\Program Files\Microsoft MPI\Bin\;C:\oraclexe\app\oracle\product\10.2.0\server\bin;C:\Windows\system32;C:\Windows;C:\Windows\System32\Wbem;C:\Windows\System32\WindowsPowerShell\v1.0\;C:\Windows\System32\OpenSSH\;C:\Program Files (x86)\NVIDIA Corporation\PhysX\Common;C:\Program Files\Git\cmd;C:\xampp\php;C:\ProgramData\ComposerSetup\bin;C:\Program Files\nodejs\;C:\Program Files\Microsoft SQL Server\Client SDK\ODBC\170\Tools\Binn\;C:\Program Files (x86)\Microsoft SQL Server\150\DTS\Binn\;C:\Program Files (x86)\Microsoft SQL Server\110\DTS\Binn\;C:\Program Files (x86)\Microsoft SQL Server\120\DTS\Binn\;C:\Program Files (x86)\Microsoft SQL Server\130\DTS\Binn\;C:\Program Files (x86)\Microsoft SQL Server\140\DTS\Binn\;C:\Program Files (x86)\Microsoft SQL Server\150\Tools\Binn\;C:\Program Files\Microsoft SQL Server\150\Tools\Binn\;C:\Program Files\Microsoft SQL Server\150\DTS\Binn\;C:\Users\bella\AppData\Local\Microsoft\WindowsApps;;C:\Users\bella\AppData\Local\Programs\Microsoft VS Code\bin;C:\Users\bella\AppData\Roaming\Composer\vendor\bin;C:\Users\bella\AppData\Roaming\npm;C:\Program Files\Azure Data Studio\bin
USERNAME=bella
OS=Windows_NT
PROCESSOR_IDENTIFIER=Intel64 Family 6 Model 140 Stepping 1, GenuineIntel



---------------  S Y S T E M  ---------------

OS: Windows 10 , 64 bit Build 19041 (10.0.19041.1706)
OS uptime: 0 days 1:28 hours
Hyper-V role detected

CPU:total 8 (initial active 8) (4 cores per cpu, 2 threads per core) family 6 model 140 stepping 1 microcode 0x60, cmov, cx8, fxsr, mmx, sse, sse2, sse3, ssse3, sse4.1, sse4.2, popcnt, avx, avx2, aes, clmul, erms, 3dnowpref, lzcnt, ht, tsc, tscinvbit, bmi1, bmi2, adx, evex, sha, fma

Memory: 4k page, system-wide physical 7893M (473M free)
TotalPageFile size 16495M (AvailPageFile size 239M)
current process WorkingSet (physical memory assigned to process): 487M, peak: 487M
current process commit charge ("private bytes"): 739M, peak: 1071M

vm_info: OpenJDK 64-Bit Server VM (11.0.10+0-b96-7249189) for windows-amd64 JRE (11.0.10+0-b96-7249189), built on Mar 31 2021 21:44:00 by "builder" with MS VC++ 14.0 (VS2015)

END.
